Using pre-set license
Built from '2021.3/staging' branch; Version is '2021.3.0f1 (6eacc8284459) revision 7253192'; Using compiler version '192829333'; Build Type 'Release'
OS: 'Windows 11  (10.0.22000) 64bit Professional' Language: 'en' Physical Memory: 16235 MB
BatchMode: 1, IsHumanControllingUs: 0, StartBugReporterOnCrash: 0, Is64bit: 1, IsPro: 1

COMMAND LINE ARGUMENTS:
C:\Program Files\Unity\Hub\Editor\2021.3.0f1\Editor\Unity.exe
-adb2
-batchMode
-noUpm
-name
AssetImportWorker2
-projectPath
C:/Users/Mouaad/Desktop/Unity/Unity Starter
-logFile
Logs/AssetImportWorker2.log
-srvPort
1047
Successfully changed project path to: C:/Users/Mouaad/Desktop/Unity/Unity Starter
C:/Users/Mouaad/Desktop/Unity/Unity Starter
[UnityMemory] Configuration Parameters - Can be set up in boot.config
    "memorysetup-bucket-allocator-granularity=16"
    "memorysetup-bucket-allocator-bucket-count=8"
    "memorysetup-bucket-allocator-block-size=33554432"
    "memorysetup-bucket-allocator-block-count=8"
    "memorysetup-main-allocator-block-size=16777216"
    "memorysetup-thread-allocator-block-size=16777216"
    "memorysetup-gfx-main-allocator-block-size=16777216"
    "memorysetup-gfx-thread-allocator-block-size=16777216"
    "memorysetup-cache-allocator-block-size=4194304"
    "memorysetup-typetree-allocator-block-size=2097152"
    "memorysetup-profiler-bucket-allocator-granularity=16"
    "memorysetup-profiler-bucket-allocator-bucket-count=8"
    "memorysetup-profiler-bucket-allocator-block-size=33554432"
    "memorysetup-profiler-bucket-allocator-block-count=8"
    "memorysetup-profiler-allocator-block-size=16777216"
    "memorysetup-profiler-editor-allocator-block-size=1048576"
    "memorysetup-temp-allocator-size-main=16777216"
    "memorysetup-job-temp-allocator-block-size=2097152"
    "memorysetup-job-temp-allocator-block-size-background=1048576"
    "memorysetup-job-temp-allocator-reduction-small-platforms=262144"
    "memorysetup-temp-allocator-size-background-worker=32768"
    "memorysetup-temp-allocator-size-job-worker=262144"
    "memorysetup-temp-allocator-size-preload-manager=33554432"
    "memorysetup-temp-allocator-size-nav-mesh-worker=65536"
    "memorysetup-temp-allocator-size-audio-worker=65536"
    "memorysetup-temp-allocator-size-cloud-worker=32768"
    "memorysetup-temp-allocator-size-gi-baking-worker=262144"
    "memorysetup-temp-allocator-size-gfx=262144"
Refreshing native plugins compatible for Editor in 817.49 ms, found 3 plugins.
Preloading 0 native plugins for Editor in 0.00 ms.
Initialize engine version: 2021.3.0f1 (6eacc8284459)
[Subsystems] Discovering subsystems at path C:/Program Files/Unity/Hub/Editor/2021.3.0f1/Editor/Data/Resources/UnitySubsystems
[Subsystems] Discovering subsystems at path C:/Users/Mouaad/Desktop/Unity/Unity Starter/Assets
GfxDevice: creating device client; threaded=0; jobified=0
Direct3D:
    Version:  Direct3D 11.0 [level 11.1]
    Renderer: NVIDIA GeForce GTX 1060 (ID=0x1c20)
    Vendor:   NVIDIA
    VRAM:     6052 MB
    Driver:   27.21.14.5763
Initialize mono
Mono path[0] = 'C:/Program Files/Unity/Hub/Editor/2021.3.0f1/Editor/Data/Managed'
Mono path[1] = 'C:/Program Files/Unity/Hub/Editor/2021.3.0f1/Editor/Data/MonoBleedingEdge/lib/mono/unityjit-win32'
Mono config path = 'C:/Program Files/Unity/Hub/Editor/2021.3.0f1/Editor/Data/MonoBleedingEdge/etc'
Using monoOptions --debugger-agent=transport=dt_socket,embedding=1,server=y,suspend=n,address=127.0.0.1:56664
Begin MonoManager ReloadAssembly
Registering precompiled unity dll's ...
Register platform support module: C:/Program Files/Unity/Hub/Editor/2021.3.0f1/Editor/Data/PlaybackEngines/AndroidPlayer/UnityEditor.Android.Extensions.dll
Register platform support module: C:/Program Files/Unity/Hub/Editor/2021.3.0f1/Editor/Data/PlaybackEngines/WindowsStandaloneSupport/UnityEditor.WindowsStandalone.Extensions.dll
Registered in 0.005882 seconds.
Native extension for WindowsStandalone target not found
Native extension for Android target not found
Refreshing native plugins compatible for Editor in 247.05 ms, found 3 plugins.
Preloading 0 native plugins for Editor in 0.00 ms.
Mono: successfully reloaded assembly
- Completed reload, in  1.484 seconds
Domain Reload Profiling:
	ReloadAssembly (1485ms)
		BeginReloadAssembly (192ms)
			ExecutionOrderSort (0ms)
			DisableScriptedObjects (0ms)
			BackupInstance (0ms)
			ReleaseScriptingObjects (0ms)
			CreateAndSetChildDomain (1ms)
		EndReloadAssembly (1140ms)
			LoadAssemblies (189ms)
			RebuildTransferFunctionScriptingTraits (0ms)
			SetupTypeCache (228ms)
			ReleaseScriptCaches (0ms)
			RebuildScriptCaches (47ms)
			SetupLoadedEditorAssemblies (780ms)
				LogAssemblyErrors (0ms)
				InitializePlatformSupportModulesInManaged (84ms)
				SetLoadedEditorAssemblies (0ms)
				RefreshPlugins (247ms)
				BeforeProcessingInitializeOnLoad (3ms)
				ProcessInitializeOnLoadAttributes (352ms)
				ProcessInitializeOnLoadMethodAttributes (93ms)
				AfterProcessingInitializeOnLoad (0ms)
				EditorAssembliesLoaded (0ms)
			ExecutionOrderSort2 (0ms)
			AwakeInstancesAfterBackupRestoration (0ms)
Platform modules already initialized, skipping
Registering precompiled user dll's ...
Registered in 0.010747 seconds.
Begin MonoManager ReloadAssembly
Symbol file LoadedFromMemory doesn't match image C:\Users\Mouaad\Desktop\Unity\Unity Starter\Library\PackageCache\com.unity.visualscripting@1.7.7\Editor\VisualScripting.Core\Dependencies\YamlDotNet\Unity.VisualScripting.YamlDotNet.dll
Symbol file LoadedFromMemory is not a mono symbol file
Symbol file LoadedFromMemory doesn't match image C:\Users\Mouaad\Desktop\Unity\Unity Starter\Library\PackageCache\com.unity.visualscripting@1.7.7\Editor\VisualScripting.Core\Dependencies\DotNetZip\Unity.VisualScripting.IonicZip.dll
Native extension for WindowsStandalone target not found
Native extension for Android target not found
Refreshing native plugins compatible for Editor in 292.39 ms, found 3 plugins.
Preloading 0 native plugins for Editor in 0.00 ms.
Mono: successfully reloaded assembly
- Completed reload, in  3.648 seconds
Domain Reload Profiling:
	ReloadAssembly (3651ms)
		BeginReloadAssembly (273ms)
			ExecutionOrderSort (0ms)
			DisableScriptedObjects (13ms)
			BackupInstance (0ms)
			ReleaseScriptingObjects (0ms)
			CreateAndSetChildDomain (130ms)
		EndReloadAssembly (2939ms)
			LoadAssemblies (154ms)
			RebuildTransferFunctionScriptingTraits (0ms)
			SetupTypeCache (872ms)
			ReleaseScriptCaches (1ms)
			RebuildScriptCaches (111ms)
			SetupLoadedEditorAssemblies (1709ms)
				LogAssemblyErrors (0ms)
				InitializePlatformSupportModulesInManaged (33ms)
				SetLoadedEditorAssemblies (1ms)
				RefreshPlugins (293ms)
				BeforeProcessingInitializeOnLoad (396ms)
				ProcessInitializeOnLoadAttributes (819ms)
				ProcessInitializeOnLoadMethodAttributes (158ms)
				AfterProcessingInitializeOnLoad (9ms)
				EditorAssembliesLoaded (0ms)
			ExecutionOrderSort2 (0ms)
			AwakeInstancesAfterBackupRestoration (12ms)
Platform modules already initialized, skipping
========================================================================
Worker process is ready to serve import requests
Launched and connected shader compiler UnityShaderCompiler.exe after 0.09 seconds
Refreshing native plugins compatible for Editor in 2.79 ms, found 3 plugins.
Preloading 0 native plugins for Editor in 0.00 ms.
Unloading 5106 Unused Serialized files (Serialized files now loaded: 0)
Unloading 37 unused Assets / (0.7 MB). Loaded Objects now: 5563.
Memory consumption went from 200.4 MB to 199.6 MB.
Total: 16.434400 ms (FindLiveObjects: 1.076600 ms CreateObjectMapping: 1.044000 ms MarkObjects: 13.177000 ms  DeleteObjects: 1.134200 ms)

AssetImportParameters requested are different than current active one (requested -> active):
  custom:video-decoder-ogg-theora: a1e56fd34408186e4bbccfd4996cb3dc -> 
  custom:container-muxer-webm: aa71ff27fc2769a1b78a27578f13a17b -> 
  custom:container-demuxer-webm: 4f35f7cbe854078d1ac9338744f61a02 -> 
  custom:video-encoder-webm-vp8: eb34c28f22e8b96e1ab97ce403110664 -> 
  custom:audio-encoder-webm-vorbis: bf7c407c2cedff20999df2af8eb42d56 -> 
  custom:framework-win-MediaFoundation: 216162199b28c13a410421893ffa2e32 -> 
  custom:container-demuxer-ogg: 62fdf1f143b41e24485cea50d1cbac27 -> 
  custom:video-decoder-webm-vp8: 9c59270c3fd7afecdb556c50c9e8de78 -> 
  custom:audio-decoder-ogg-vorbis: bf7c407c2cedff20999df2af8eb42d56 -> 
========================================================================
Received Prepare
Registering precompiled user dll's ...
Registered in 0.014736 seconds.
Begin MonoManager ReloadAssembly
Symbol file LoadedFromMemory doesn't match image C:\Users\Mouaad\Desktop\Unity\Unity Starter\Library\PackageCache\com.unity.visualscripting@1.7.7\Editor\VisualScripting.Core\Dependencies\YamlDotNet\Unity.VisualScripting.YamlDotNet.dll
Symbol file LoadedFromMemory is not a mono symbol file
Symbol file LoadedFromMemory doesn't match image C:\Users\Mouaad\Desktop\Unity\Unity Starter\Library\PackageCache\com.unity.visualscripting@1.7.7\Editor\VisualScripting.Core\Dependencies\DotNetZip\Unity.VisualScripting.IonicZip.dll
Native extension for WindowsStandalone target not found
Native extension for Android target not found
Refreshing native plugins compatible for Editor in 1.86 ms, found 3 plugins.
Preloading 0 native plugins for Editor in 0.00 ms.
Mono: successfully reloaded assembly
- Completed reload, in  2.576 seconds
Domain Reload Profiling:
	ReloadAssembly (2577ms)
		BeginReloadAssembly (224ms)
			ExecutionOrderSort (0ms)
			DisableScriptedObjects (14ms)
			BackupInstance (0ms)
			ReleaseScriptingObjects (0ms)
			CreateAndSetChildDomain (61ms)
		EndReloadAssembly (2171ms)
			LoadAssemblies (171ms)
			RebuildTransferFunctionScriptingTraits (0ms)
			SetupTypeCache (703ms)
			ReleaseScriptCaches (4ms)
			RebuildScriptCaches (123ms)
			SetupLoadedEditorAssemblies (1032ms)
				LogAssemblyErrors (0ms)
				InitializePlatformSupportModulesInManaged (36ms)
				SetLoadedEditorAssemblies (1ms)
				RefreshPlugins (2ms)
				BeforeProcessingInitializeOnLoad (137ms)
				ProcessInitializeOnLoadAttributes (570ms)
				ProcessInitializeOnLoadMethodAttributes (267ms)
				AfterProcessingInitializeOnLoad (18ms)
				EditorAssembliesLoaded (0ms)
			ExecutionOrderSort2 (0ms)
			AwakeInstancesAfterBackupRestoration (24ms)
Platform modules already initialized, skipping
Refreshing native plugins compatible for Editor in 7.04 ms, found 3 plugins.
Preloading 0 native plugins for Editor in 0.00 ms.
Unloading 4982 Unused Serialized files (Serialized files now loaded: 0)
Unloading 26 unused Assets / (0.7 MB). Loaded Objects now: 5566.
Memory consumption went from 192.0 MB to 191.2 MB.
Total: 9.324200 ms (FindLiveObjects: 0.747900 ms CreateObjectMapping: 0.978200 ms MarkObjects: 7.050600 ms  DeleteObjects: 0.544500 ms)

AssetImportParameters requested are different than current active one (requested -> active):
  custom:video-decoder-ogg-theora: a1e56fd34408186e4bbccfd4996cb3dc -> 
  custom:container-muxer-webm: aa71ff27fc2769a1b78a27578f13a17b -> 
  custom:container-demuxer-webm: 4f35f7cbe854078d1ac9338744f61a02 -> 
  custom:video-encoder-webm-vp8: eb34c28f22e8b96e1ab97ce403110664 -> 
  custom:audio-encoder-webm-vorbis: bf7c407c2cedff20999df2af8eb42d56 -> 
  custom:framework-win-MediaFoundation: 216162199b28c13a410421893ffa2e32 -> 
  custom:container-demuxer-ogg: 62fdf1f143b41e24485cea50d1cbac27 -> 
  custom:video-decoder-webm-vp8: 9c59270c3fd7afecdb556c50c9e8de78 -> 
  custom:audio-decoder-ogg-vorbis: bf7c407c2cedff20999df2af8eb42d56 -> 
========================================================================
Received Prepare
Registering precompiled user dll's ...
Registered in 0.011664 seconds.
Begin MonoManager ReloadAssembly
Symbol file LoadedFromMemory doesn't match image C:\Users\Mouaad\Desktop\Unity\Unity Starter\Library\PackageCache\com.unity.visualscripting@1.7.7\Editor\VisualScripting.Core\Dependencies\YamlDotNet\Unity.VisualScripting.YamlDotNet.dll
Symbol file LoadedFromMemory is not a mono symbol file
Symbol file LoadedFromMemory doesn't match image C:\Users\Mouaad\Desktop\Unity\Unity Starter\Library\PackageCache\com.unity.visualscripting@1.7.7\Editor\VisualScripting.Core\Dependencies\DotNetZip\Unity.VisualScripting.IonicZip.dll
Native extension for WindowsStandalone target not found
Native extension for Android target not found
Refreshing native plugins compatible for Editor in 1.35 ms, found 3 plugins.
Preloading 0 native plugins for Editor in 0.00 ms.
Mono: successfully reloaded assembly
- Completed reload, in  2.196 seconds
Domain Reload Profiling:
	ReloadAssembly (2197ms)
		BeginReloadAssembly (218ms)
			ExecutionOrderSort (0ms)
			DisableScriptedObjects (11ms)
			BackupInstance (0ms)
			ReleaseScriptingObjects (0ms)
			CreateAndSetChildDomain (69ms)
		EndReloadAssembly (1798ms)
			LoadAssemblies (166ms)
			RebuildTransferFunctionScriptingTraits (0ms)
			SetupTypeCache (765ms)
			ReleaseScriptCaches (2ms)
			RebuildScriptCaches (75ms)
			SetupLoadedEditorAssemblies (707ms)
				LogAssemblyErrors (0ms)
				InitializePlatformSupportModulesInManaged (40ms)
				SetLoadedEditorAssemblies (1ms)
				RefreshPlugins (1ms)
				BeforeProcessingInitializeOnLoad (156ms)
				ProcessInitializeOnLoadAttributes (366ms)
				ProcessInitializeOnLoadMethodAttributes (135ms)
				AfterProcessingInitializeOnLoad (7ms)
				EditorAssembliesLoaded (0ms)
			ExecutionOrderSort2 (0ms)
			AwakeInstancesAfterBackupRestoration (13ms)
Platform modules already initialized, skipping
Refreshing native plugins compatible for Editor in 3.08 ms, found 3 plugins.
Preloading 0 native plugins for Editor in 0.00 ms.
Unloading 4981 Unused Serialized files (Serialized files now loaded: 0)
Unloading 27 unused Assets / (0.7 MB). Loaded Objects now: 5568.
Memory consumption went from 191.9 MB to 191.2 MB.
Total: 5.301000 ms (FindLiveObjects: 0.502300 ms CreateObjectMapping: 0.399400 ms MarkObjects: 3.984700 ms  DeleteObjects: 0.413000 ms)

AssetImportParameters requested are different than current active one (requested -> active):
  custom:video-decoder-ogg-theora: a1e56fd34408186e4bbccfd4996cb3dc -> 
  custom:container-muxer-webm: aa71ff27fc2769a1b78a27578f13a17b -> 
  custom:container-demuxer-webm: 4f35f7cbe854078d1ac9338744f61a02 -> 
  custom:video-encoder-webm-vp8: eb34c28f22e8b96e1ab97ce403110664 -> 
  custom:audio-encoder-webm-vorbis: bf7c407c2cedff20999df2af8eb42d56 -> 
  custom:framework-win-MediaFoundation: 216162199b28c13a410421893ffa2e32 -> 
  custom:container-demuxer-ogg: 62fdf1f143b41e24485cea50d1cbac27 -> 
  custom:video-decoder-webm-vp8: 9c59270c3fd7afecdb556c50c9e8de78 -> 
  custom:audio-decoder-ogg-vorbis: bf7c407c2cedff20999df2af8eb42d56 -> 
========================================================================
Received Import Request.
  Time since last request: 64127.803809 seconds.
  path: Assets/Scripts
  artifactKey: Guid(02a3527b6b33a924e8ec66aa805ea717) Importer(815301076,1909f56bfc062723c751e8b465ee728b)
Start importing Assets/Scripts using Guid(02a3527b6b33a924e8ec66aa805ea717) Importer(815301076,1909f56bfc062723c751e8b465ee728b)  -> (artifact id: '1aed7bb1d03ca5650d48772c3d9bd62d') in 0.020776 seconds 
========================================================================
Received Prepare
Registering precompiled user dll's ...
Registered in 0.014114 seconds.
Begin MonoManager ReloadAssembly
Symbol file LoadedFromMemory doesn't match image C:\Users\Mouaad\Desktop\Unity\Unity Starter\Library\PackageCache\com.unity.visualscripting@1.7.7\Editor\VisualScripting.Core\Dependencies\YamlDotNet\Unity.VisualScripting.YamlDotNet.dll
Symbol file LoadedFromMemory is not a mono symbol file
Symbol file LoadedFromMemory doesn't match image C:\Users\Mouaad\Desktop\Unity\Unity Starter\Library\PackageCache\com.unity.visualscripting@1.7.7\Editor\VisualScripting.Core\Dependencies\DotNetZip\Unity.VisualScripting.IonicZip.dll
Native extension for WindowsStandalone target not found
Native extension for Android target not found
Refreshing native plugins compatible for Editor in 3.89 ms, found 3 plugins.
Preloading 0 native plugins for Editor in 0.00 ms.
Mono: successfully reloaded assembly
- Completed reload, in  2.541 seconds
Domain Reload Profiling:
	ReloadAssembly (2542ms)
		BeginReloadAssembly (256ms)
			ExecutionOrderSort (0ms)
			DisableScriptedObjects (16ms)
			BackupInstance (0ms)
			ReleaseScriptingObjects (0ms)
			CreateAndSetChildDomain (84ms)
		EndReloadAssembly (2096ms)
			LoadAssemblies (178ms)
			RebuildTransferFunctionScriptingTraits (0ms)
			SetupTypeCache (659ms)
			ReleaseScriptCaches (3ms)
			RebuildScriptCaches (118ms)
			SetupLoadedEditorAssemblies (1013ms)
				LogAssemblyErrors (0ms)
				InitializePlatformSupportModulesInManaged (90ms)
				SetLoadedEditorAssemblies (3ms)
				RefreshPlugins (4ms)
				BeforeProcessingInitializeOnLoad (216ms)
				ProcessInitializeOnLoadAttributes (526ms)
				ProcessInitializeOnLoadMethodAttributes (164ms)
				AfterProcessingInitializeOnLoad (9ms)
				EditorAssembliesLoaded (0ms)
			ExecutionOrderSort2 (0ms)
			AwakeInstancesAfterBackupRestoration (18ms)
Platform modules already initialized, skipping
Refreshing native plugins compatible for Editor in 2.58 ms, found 3 plugins.
Preloading 0 native plugins for Editor in 0.00 ms.
Unloading 5006 Unused Serialized files (Serialized files now loaded: 0)
Unloading 31 unused Assets / (0.7 MB). Loaded Objects now: 5593.
Memory consumption went from 192.6 MB to 191.9 MB.
Total: 6.709700 ms (FindLiveObjects: 0.673600 ms CreateObjectMapping: 0.970100 ms MarkObjects: 4.551000 ms  DeleteObjects: 0.512300 ms)

AssetImportParameters requested are different than current active one (requested -> active):
  custom:video-decoder-ogg-theora: a1e56fd34408186e4bbccfd4996cb3dc -> 
  custom:container-muxer-webm: aa71ff27fc2769a1b78a27578f13a17b -> 
  custom:container-demuxer-webm: 4f35f7cbe854078d1ac9338744f61a02 -> 
  custom:video-encoder-webm-vp8: eb34c28f22e8b96e1ab97ce403110664 -> 
  custom:audio-encoder-webm-vorbis: bf7c407c2cedff20999df2af8eb42d56 -> 
  custom:framework-win-MediaFoundation: 216162199b28c13a410421893ffa2e32 -> 
  custom:container-demuxer-ogg: 62fdf1f143b41e24485cea50d1cbac27 -> 
  custom:video-decoder-webm-vp8: 9c59270c3fd7afecdb556c50c9e8de78 -> 
  custom:audio-decoder-ogg-vorbis: bf7c407c2cedff20999df2af8eb42d56 -> 
========================================================================
Received Prepare
Registering precompiled user dll's ...
Registered in 0.016824 seconds.
Begin MonoManager ReloadAssembly
Symbol file LoadedFromMemory doesn't match image C:\Users\Mouaad\Desktop\Unity\Unity Starter\Library\PackageCache\com.unity.visualscripting@1.7.7\Editor\VisualScripting.Core\Dependencies\YamlDotNet\Unity.VisualScripting.YamlDotNet.dll
Symbol file LoadedFromMemory is not a mono symbol file
Symbol file LoadedFromMemory doesn't match image C:\Users\Mouaad\Desktop\Unity\Unity Starter\Library\PackageCache\com.unity.visualscripting@1.7.7\Editor\VisualScripting.Core\Dependencies\DotNetZip\Unity.VisualScripting.IonicZip.dll
Native extension for WindowsStandalone target not found
Native extension for Android target not found
Refreshing native plugins compatible for Editor in 1.44 ms, found 3 plugins.
Preloading 0 native plugins for Editor in 0.00 ms.
Mono: successfully reloaded assembly
- Completed reload, in  1.741 seconds
Domain Reload Profiling:
	ReloadAssembly (1742ms)
		BeginReloadAssembly (210ms)
			ExecutionOrderSort (0ms)
			DisableScriptedObjects (12ms)
			BackupInstance (0ms)
			ReleaseScriptingObjects (0ms)
			CreateAndSetChildDomain (69ms)
		EndReloadAssembly (1381ms)
			LoadAssemblies (156ms)
			RebuildTransferFunctionScriptingTraits (0ms)
			SetupTypeCache (472ms)
			ReleaseScriptCaches (2ms)
			RebuildScriptCaches (74ms)
			SetupLoadedEditorAssemblies (596ms)
				LogAssemblyErrors (0ms)
				InitializePlatformSupportModulesInManaged (26ms)
				SetLoadedEditorAssemblies (1ms)
				RefreshPlugins (2ms)
				BeforeProcessingInitializeOnLoad (114ms)
				ProcessInitializeOnLoadAttributes (319ms)
				ProcessInitializeOnLoadMethodAttributes (129ms)
				AfterProcessingInitializeOnLoad (6ms)
				EditorAssembliesLoaded (0ms)
			ExecutionOrderSort2 (0ms)
			AwakeInstancesAfterBackupRestoration (13ms)
Platform modules already initialized, skipping
Refreshing native plugins compatible for Editor in 5.63 ms, found 3 plugins.
Preloading 0 native plugins for Editor in 0.00 ms.
Unloading 5029 Unused Serialized files (Serialized files now loaded: 0)
Unloading 38 unused Assets / (0.7 MB). Loaded Objects now: 5627.
Memory consumption went from 193.8 MB to 193.1 MB.
Total: 7.542000 ms (FindLiveObjects: 0.541400 ms CreateObjectMapping: 0.487500 ms MarkObjects: 6.105600 ms  DeleteObjects: 0.405700 ms)

AssetImportParameters requested are different than current active one (requested -> active):
  custom:video-decoder-ogg-theora: a1e56fd34408186e4bbccfd4996cb3dc -> 
  custom:container-muxer-webm: aa71ff27fc2769a1b78a27578f13a17b -> 
  custom:container-demuxer-webm: 4f35f7cbe854078d1ac9338744f61a02 -> 
  custom:video-encoder-webm-vp8: eb34c28f22e8b96e1ab97ce403110664 -> 
  custom:audio-encoder-webm-vorbis: bf7c407c2cedff20999df2af8eb42d56 -> 
  custom:framework-win-MediaFoundation: 216162199b28c13a410421893ffa2e32 -> 
  custom:container-demuxer-ogg: 62fdf1f143b41e24485cea50d1cbac27 -> 
  custom:video-decoder-webm-vp8: 9c59270c3fd7afecdb556c50c9e8de78 -> 
  custom:audio-decoder-ogg-vorbis: bf7c407c2cedff20999df2af8eb42d56 -> 
========================================================================
Received Import Request.
  Time since last request: 203.843176 seconds.
  path: Assets/Plugins/Demigiant/DemiLib/Core/Editor/Imgs/grid_dark.png
  artifactKey: Guid(d542f997a51000946873268e3546b6ba) Importer(-1,00000000000000000000000000000000)
Start importing Assets/Plugins/Demigiant/DemiLib/Core/Editor/Imgs/grid_dark.png using Guid(d542f997a51000946873268e3546b6ba) Importer(-1,00000000000000000000000000000000)  -> (artifact id: '5d0230f563995d0fb6c9f27dade53466') in 0.049396 seconds 
========================================================================
Received Import Request.
  Time since last request: 0.000039 seconds.
  path: Assets/Plugins/Demigiant/DemiLib/Core/Editor/Imgs/ico_demigiant.png
  artifactKey: Guid(229d0d11465a822449f78a50dbf7104d) Importer(-1,00000000000000000000000000000000)
Start importing Assets/Plugins/Demigiant/DemiLib/Core/Editor/Imgs/ico_demigiant.png using Guid(229d0d11465a822449f78a50dbf7104d) Importer(-1,00000000000000000000000000000000)  -> (artifact id: '06d1e3e70983058c06083af72a89f42e') in 0.033263 seconds 
========================================================================
Received Import Request.
  Time since last request: 0.000044 seconds.
  path: Assets/Plugins/Demigiant/DemiLib/Core/Editor/Imgs/ico_light_border.png
  artifactKey: Guid(252f207d01ecc87419cdba1d1c0ab1ea) Importer(-1,00000000000000000000000000000000)
Start importing Assets/Plugins/Demigiant/DemiLib/Core/Editor/Imgs/ico_light_border.png using Guid(252f207d01ecc87419cdba1d1c0ab1ea) Importer(-1,00000000000000000000000000000000)  -> (artifact id: '8a1e6782fe8387cb161b30113d99e3a9') in 0.022568 seconds 
========================================================================
Received Import Request.
  Time since last request: 0.000041 seconds.
  path: Assets/Plugins/Demigiant/DemiLib/Core/Editor/Imgs/ico_alert.png
  artifactKey: Guid(39cacc93c6c183f44992bf2421362f78) Importer(-1,00000000000000000000000000000000)
Start importing Assets/Plugins/Demigiant/DemiLib/Core/Editor/Imgs/ico_alert.png using Guid(39cacc93c6c183f44992bf2421362f78) Importer(-1,00000000000000000000000000000000)  -> (artifact id: 'adc169b36c845a84309127c9a5bb4e69') in 0.036072 seconds 
========================================================================
Received Import Request.
  Time since last request: 0.000052 seconds.
  path: Assets/Plugins/Demigiant/DemiLib/Core/Editor/Imgs/squareBorderEmpty.png
  artifactKey: Guid(8db54efcce998554c86b796b37a7cdfa) Importer(-1,00000000000000000000000000000000)
Start importing Assets/Plugins/Demigiant/DemiLib/Core/Editor/Imgs/squareBorderEmpty.png using Guid(8db54efcce998554c86b796b37a7cdfa) Importer(-1,00000000000000000000000000000000)  -> (artifact id: '52611a1139685f3b1f2c7e0155cd8c95') in 0.020825 seconds 
========================================================================
Received Import Request.
  Time since last request: 0.000082 seconds.
  path: Assets/Plugins/Demigiant/DemiLib/Core/Editor/Imgs/ico_nodeArrow.png
  artifactKey: Guid(4aa34055b1d36ef479af3d7b5701b28a) Importer(-1,00000000000000000000000000000000)
Start importing Assets/Plugins/Demigiant/DemiLib/Core/Editor/Imgs/ico_nodeArrow.png using Guid(4aa34055b1d36ef479af3d7b5701b28a) Importer(-1,00000000000000000000000000000000)  -> (artifact id: 'a7d0d1b8810cf0214bd7acd30a8fc5cb') in 0.025803 seconds 
========================================================================
Received Import Request.
  Time since last request: 0.000047 seconds.
  path: Assets/Plugins/Demigiant/DemiLib/Core/Editor/Imgs/ico_foldout_closed.png
  artifactKey: Guid(301c130dbb4bbba4e87072804939c861) Importer(-1,00000000000000000000000000000000)
Start importing Assets/Plugins/Demigiant/DemiLib/Core/Editor/Imgs/ico_foldout_closed.png using Guid(301c130dbb4bbba4e87072804939c861) Importer(-1,00000000000000000000000000000000)  -> (artifact id: 'caf12b91e622e80660d8d4213b1b1525') in 0.016450 seconds 
========================================================================
Received Import Request.
  Time since last request: 0.000043 seconds.
  path: Assets/Plugins/Demigiant/DemiLib/Core/Editor/Imgs/ico_lock.png
  artifactKey: Guid(e3d0592dad579e141924133869455c53) Importer(-1,00000000000000000000000000000000)
Start importing Assets/Plugins/Demigiant/DemiLib/Core/Editor/Imgs/ico_lock.png using Guid(e3d0592dad579e141924133869455c53) Importer(-1,00000000000000000000000000000000)  -> (artifact id: '889372789443c755c6b15476f8f53bfb') in 0.025394 seconds 
========================================================================
Received Import Request.
  Time since last request: 0.000031 seconds.
  path: Assets/Plugins/Demigiant/DemiLib/Core/Editor/Imgs/ico_foldout_open.png
  artifactKey: Guid(18a5a7cde794cc04b9b446f0feedb3a0) Importer(-1,00000000000000000000000000000000)
Start importing Assets/Plugins/Demigiant/DemiLib/Core/Editor/Imgs/ico_foldout_open.png using Guid(18a5a7cde794cc04b9b446f0feedb3a0) Importer(-1,00000000000000000000000000000000)  -> (artifact id: '72e5d8a4d377e231bdfa5c9097185221') in 0.016844 seconds 
========================================================================
Received Import Request.
  Time since last request: 0.000035 seconds.
  path: Assets/Plugins/Demigiant/DemiLib/Core/Editor/Imgs/squareBorder.png
  artifactKey: Guid(afd7d0ddb1d6c744b9cb87ae49b2ce62) Importer(-1,00000000000000000000000000000000)
Start importing Assets/Plugins/Demigiant/DemiLib/Core/Editor/Imgs/squareBorder.png using Guid(afd7d0ddb1d6c744b9cb87ae49b2ce62) Importer(-1,00000000000000000000000000000000)  -> (artifact id: '24441bdbc2a6459da59257c06c3868db') in 0.019484 seconds 
========================================================================
Received Import Request.
  Time since last request: 0.000027 seconds.
  path: Assets/Plugins/Demigiant/DemiLib/Core/Editor/Imgs/tileBars_slanted.png
  artifactKey: Guid(c99a391f381fe534c80a193fe9f307a0) Importer(-1,00000000000000000000000000000000)
Start importing Assets/Plugins/Demigiant/DemiLib/Core/Editor/Imgs/tileBars_slanted.png using Guid(c99a391f381fe534c80a193fe9f307a0) Importer(-1,00000000000000000000000000000000)  -> (artifact id: 'c68b39c23538530f66806a477f63d3da') in 0.019638 seconds 
========================================================================
Received Import Request.
  Time since last request: 0.000045 seconds.
  path: Assets/Plugins/Demigiant/DemiLib/Core/Editor/Imgs/ico_star.png
  artifactKey: Guid(645aafe2260b2884a9df05b4bc01b1ec) Importer(-1,00000000000000000000000000000000)
Start importing Assets/Plugins/Demigiant/DemiLib/Core/Editor/Imgs/ico_star.png using Guid(645aafe2260b2884a9df05b4bc01b1ec) Importer(-1,00000000000000000000000000000000)  -> (artifact id: '36f7bc7cf126775f8b109daba40ee224') in 0.021205 seconds 
========================================================================
Received Import Request.
  Time since last request: 0.000042 seconds.
  path: Assets/Plugins/Demigiant/DemiLib/Core/Editor/Imgs/ico_camera_border.png
  artifactKey: Guid(358cddede8023574191e0aae610a4645) Importer(-1,00000000000000000000000000000000)
Start importing Assets/Plugins/Demigiant/DemiLib/Core/Editor/Imgs/ico_camera_border.png using Guid(358cddede8023574191e0aae610a4645) Importer(-1,00000000000000000000000000000000)  -> (artifact id: '3205ee85676d4c79a0a0ea6c36738d4d') in 0.019082 seconds 
========================================================================
Received Import Request.
  Time since last request: 0.000068 seconds.
  path: Assets/Plugins/Demigiant/DemiLib/Core/Editor/Imgs/project/ico_particles.png
  artifactKey: Guid(8003873ab749935489bb11f23f830856) Importer(-1,00000000000000000000000000000000)
Start importing Assets/Plugins/Demigiant/DemiLib/Core/Editor/Imgs/project/ico_particles.png using Guid(8003873ab749935489bb11f23f830856) Importer(-1,00000000000000000000000000000000)  -> (artifact id: 'efc6fd121fdd84109f8096fa8b1b4963') in 0.026366 seconds 
========================================================================
Received Import Request.
  Time since last request: 0.000045 seconds.
  path: Assets/Plugins/Demigiant/DemiLib/Core/Editor/Imgs/blackSquareAlpha15.png
  artifactKey: Guid(53d696c01f6ca524383f11fcc34dd13c) Importer(-1,00000000000000000000000000000000)
Start importing Assets/Plugins/Demigiant/DemiLib/Core/Editor/Imgs/blackSquareAlpha15.png using Guid(53d696c01f6ca524383f11fcc34dd13c) Importer(-1,00000000000000000000000000000000)  -> (artifact id: '81a9913c7d48ad8193adeffc585e2dcc') in 0.018964 seconds 
========================================================================
Received Import Request.
  Time since last request: 0.000108 seconds.
  path: Assets/Plugins/Demigiant/DemiLib/Core/Editor/Imgs/whiteSquareAlpha50.png
  artifactKey: Guid(ef40b00a83f7bd34f84851386b3321f0) Importer(-1,00000000000000000000000000000000)
Start importing Assets/Plugins/Demigiant/DemiLib/Core/Editor/Imgs/whiteSquareAlpha50.png using Guid(ef40b00a83f7bd34f84851386b3321f0) Importer(-1,00000000000000000000000000000000)  -> (artifact id: 'c7d49afe072542e70d012da18f86980c') in 0.022066 seconds 
========================================================================
Received Import Request.
  Time since last request: 0.000060 seconds.
  path: Assets/Plugins/Demigiant/DemiLib/Core/Editor/Imgs/project/ico_audio.png
  artifactKey: Guid(e1af8927fb6f5634896d59aed409a589) Importer(-1,00000000000000000000000000000000)
Start importing Assets/Plugins/Demigiant/DemiLib/Core/Editor/Imgs/project/ico_audio.png using Guid(e1af8927fb6f5634896d59aed409a589) Importer(-1,00000000000000000000000000000000)  -> (artifact id: 'abe254dd372519d0a45d861558268e66') in 0.025738 seconds 
========================================================================
Received Import Request.
  Time since last request: 0.000032 seconds.
  path: Assets/Plugins/Demigiant/DemiLib/Core/Editor/Imgs/project/ico_skull.png
  artifactKey: Guid(d563d6ce25cd2ca48b185ec47a74a3fb) Importer(-1,00000000000000000000000000000000)
Start importing Assets/Plugins/Demigiant/DemiLib/Core/Editor/Imgs/project/ico_skull.png using Guid(d563d6ce25cd2ca48b185ec47a74a3fb) Importer(-1,00000000000000000000000000000000)  -> (artifact id: '2ae216dbcfeaaa8d7f342f79100e2da0') in 0.027023 seconds 
========================================================================
Received Import Request.
  Time since last request: 0.000035 seconds.
  path: Assets/Plugins/Demigiant/DemiLib/Core/Editor/Imgs/squareBorderCurved_darkBordersAlpha.png
  artifactKey: Guid(f536c51d3da3f2e4ca93ac8773ec2ad8) Importer(-1,00000000000000000000000000000000)
Start importing Assets/Plugins/Demigiant/DemiLib/Core/Editor/Imgs/squareBorderCurved_darkBordersAlpha.png using Guid(f536c51d3da3f2e4ca93ac8773ec2ad8) Importer(-1,00000000000000000000000000000000)  -> (artifact id: '33b1109c2049519321209cca6c920a6a') in 0.030926 seconds 
========================================================================
Received Import Request.
  Time since last request: 0.000060 seconds.
  path: Assets/Plugins/Demigiant/DemiLib/Core/Editor/Imgs/ico_ok.png
  artifactKey: Guid(34f39b5a760ddbb4d8b8749852868335) Importer(-1,00000000000000000000000000000000)
Start importing Assets/Plugins/Demigiant/DemiLib/Core/Editor/Imgs/ico_ok.png using Guid(34f39b5a760ddbb4d8b8749852868335) Importer(-1,00000000000000000000000000000000)  -> (artifact id: '3d5ce78d75c6b28160768a59ed5a3cd0') in 0.037815 seconds 
========================================================================
Received Import Request.
  Time since last request: 0.000059 seconds.
  path: Assets/Plugins/Demigiant/DemiLib/Core/Editor/Imgs/project/ico_star.png
  artifactKey: Guid(21820ec6fc9dd0b4fbf42a3b93fdad4e) Importer(-1,00000000000000000000000000000000)
Start importing Assets/Plugins/Demigiant/DemiLib/Core/Editor/Imgs/project/ico_star.png using Guid(21820ec6fc9dd0b4fbf42a3b93fdad4e) Importer(-1,00000000000000000000000000000000)  -> (artifact id: '7ce6d4aa33f1f707042cd019f3f14593') in 0.029575 seconds 
========================================================================
Received Import Request.
  Time since last request: 0.000043 seconds.
  path: Assets/Plugins/Demigiant/DemiLib/Core/Editor/Imgs/project/ico_textures.png
  artifactKey: Guid(3e6b96a975eba1c43b2bad66fb7f8b4a) Importer(-1,00000000000000000000000000000000)
Start importing Assets/Plugins/Demigiant/DemiLib/Core/Editor/Imgs/project/ico_textures.png using Guid(3e6b96a975eba1c43b2bad66fb7f8b4a) Importer(-1,00000000000000000000000000000000)  -> (artifact id: '06f6284252657f42857a98aec24b2c02') in 0.034439 seconds 
========================================================================
Received Import Request.
  Time since last request: 0.000051 seconds.
  path: Assets/Plugins/Demigiant/DemiLib/Core/Editor/Imgs/ico_alignTC.png
  artifactKey: Guid(0f79253104349f44cb73978f6c8e93de) Importer(-1,00000000000000000000000000000000)
Start importing Assets/Plugins/Demigiant/DemiLib/Core/Editor/Imgs/ico_alignTC.png using Guid(0f79253104349f44cb73978f6c8e93de) Importer(-1,00000000000000000000000000000000)  -> (artifact id: 'c1b9c1edc21a1c0abf00c3e489174700') in 0.039918 seconds 
========================================================================
Received Import Request.
  Time since last request: 0.000125 seconds.
  path: Assets/Plugins/Demigiant/DemiLib/Core/Editor/Imgs/ico_skull.png
  artifactKey: Guid(01976ad42d31f494e8040d3e32e283dc) Importer(-1,00000000000000000000000000000000)
Start importing Assets/Plugins/Demigiant/DemiLib/Core/Editor/Imgs/ico_skull.png using Guid(01976ad42d31f494e8040d3e32e283dc) Importer(-1,00000000000000000000000000000000)  -> (artifact id: 'c3872338d9febeebc0bada10454b1303') in 0.025312 seconds 
========================================================================
Received Import Request.
  Time since last request: 0.000074 seconds.
  path: Assets/Plugins/Demigiant/DemiLib/Core/Editor/Imgs/greenSquare.png
  artifactKey: Guid(789ef07ba2573f6448fa8b5dc5224c44) Importer(-1,00000000000000000000000000000000)
Start importing Assets/Plugins/Demigiant/DemiLib/Core/Editor/Imgs/greenSquare.png using Guid(789ef07ba2573f6448fa8b5dc5224c44) Importer(-1,00000000000000000000000000000000)  -> (artifact id: 'fc34ed6b8fd8be6915b7ec01eadc223a') in 0.019928 seconds 
========================================================================
Received Import Request.
  Time since last request: 0.000111 seconds.
  path: Assets/Plugins/Demigiant/DemiLib/Core/Editor/Imgs/ico_alignBR.png
  artifactKey: Guid(eeac3acbf7d1cd54fabfb1c4a12f9fc8) Importer(-1,00000000000000000000000000000000)
Start importing Assets/Plugins/Demigiant/DemiLib/Core/Editor/Imgs/ico_alignBR.png using Guid(eeac3acbf7d1cd54fabfb1c4a12f9fc8) Importer(-1,00000000000000000000000000000000)  -> (artifact id: 'a7c8e1f7b9bdeb30e551961a046e599a') in 0.030060 seconds 
========================================================================
Received Import Request.
  Time since last request: 0.000042 seconds.
  path: Assets/Plugins/Demigiant/DemiLib/Core/Editor/Imgs/ico_alignB.png
  artifactKey: Guid(8b6b31f71cd528243b053cfc488e73f5) Importer(-1,00000000000000000000000000000000)
Start importing Assets/Plugins/Demigiant/DemiLib/Core/Editor/Imgs/ico_alignB.png using Guid(8b6b31f71cd528243b053cfc488e73f5) Importer(-1,00000000000000000000000000000000)  -> (artifact id: '8b0197265e82301b1f3324cf93d8c19a') in 0.038761 seconds 
========================================================================
Received Import Request.
  Time since last request: 0.000062 seconds.
  path: Assets/Plugins/Demigiant/DemiLib/Core/Editor/Imgs/ico_alignL.png
  artifactKey: Guid(d18ceface0c20014b8db4bba05a41b83) Importer(-1,00000000000000000000000000000000)
Start importing Assets/Plugins/Demigiant/DemiLib/Core/Editor/Imgs/ico_alignL.png using Guid(d18ceface0c20014b8db4bba05a41b83) Importer(-1,00000000000000000000000000000000)  -> (artifact id: '512dd1f6a487f43a98caa83f295f726e') in 0.026448 seconds 
========================================================================
Received Import Request.
  Time since last request: 0.000042 seconds.
  path: Assets/Plugins/Demigiant/DemiLib/Core/Editor/Imgs/yellowSquare.png
  artifactKey: Guid(517a5bfe18f2ee04d9925db10be034e2) Importer(-1,00000000000000000000000000000000)
Start importing Assets/Plugins/Demigiant/DemiLib/Core/Editor/Imgs/yellowSquare.png using Guid(517a5bfe18f2ee04d9925db10be034e2) Importer(-1,00000000000000000000000000000000)  -> (artifact id: '4f2c06c3b3b238799bcc4e3bf966c28b') in 0.027089 seconds 
========================================================================
Received Import Request.
  Time since last request: 0.000047 seconds.
  path: Assets/Plugins/Demigiant/DemiLib/Core/Editor/Imgs/squareBorderEmpty02.png
  artifactKey: Guid(29b0e8156f6fb774faf129c83bc9ee33) Importer(-1,00000000000000000000000000000000)
Start importing Assets/Plugins/Demigiant/DemiLib/Core/Editor/Imgs/squareBorderEmpty02.png using Guid(29b0e8156f6fb774faf129c83bc9ee33) Importer(-1,00000000000000000000000000000000)  -> (artifact id: 'e45e5b6cf65a9855c62140f25b39c9cc') in 0.019171 seconds 
========================================================================
Received Import Request.
  Time since last request: 0.000066 seconds.
  path: Assets/Plugins/Demigiant/DemiLib/Core/Editor/Imgs/whiteDot_darkBorder.png
  artifactKey: Guid(27df4ca974a8eaf40803907859421506) Importer(-1,00000000000000000000000000000000)
Start importing Assets/Plugins/Demigiant/DemiLib/Core/Editor/Imgs/whiteDot_darkBorder.png using Guid(27df4ca974a8eaf40803907859421506) Importer(-1,00000000000000000000000000000000)  -> (artifact id: 'd4012f35496c3e4a8ca1851c352d2fde') in 0.025457 seconds 
========================================================================
Received Import Request.
  Time since last request: 0.000034 seconds.
  path: Assets/Plugins/Demigiant/DemiLib/Core/Editor/Imgs/ico_play.png
  artifactKey: Guid(2a563a43c33f0f3428d02b3a43886fc2) Importer(-1,00000000000000000000000000000000)
Start importing Assets/Plugins/Demigiant/DemiLib/Core/Editor/Imgs/ico_play.png using Guid(2a563a43c33f0f3428d02b3a43886fc2) Importer(-1,00000000000000000000000000000000)  -> (artifact id: '480fcdf797a879c4dc4c7dcb81bff3c1') in 0.029482 seconds 
========================================================================
Received Import Request.
  Time since last request: 0.000044 seconds.
  path: Assets/Plugins/Demigiant/DemiLib/Core/Editor/Imgs/whiteSquare_fadeOut_bt.png
  artifactKey: Guid(a40dc0d6372a9084fb45976308087290) Importer(-1,00000000000000000000000000000000)
Start importing Assets/Plugins/Demigiant/DemiLib/Core/Editor/Imgs/whiteSquare_fadeOut_bt.png using Guid(a40dc0d6372a9084fb45976308087290) Importer(-1,00000000000000000000000000000000)  -> (artifact id: 'ef56d0d0325668461c7ba7c272996c2f') in 0.015985 seconds 
========================================================================
Received Import Request.
  Time since last request: 0.000041 seconds.
  path: Assets/Plugins/Demigiant/DemiLib/Core/Editor/Imgs/ico_ui.png
  artifactKey: Guid(cb46e1d925af22d43a6f8bf0e1d459e6) Importer(-1,00000000000000000000000000000000)
Start importing Assets/Plugins/Demigiant/DemiLib/Core/Editor/Imgs/ico_ui.png using Guid(cb46e1d925af22d43a6f8bf0e1d459e6) Importer(-1,00000000000000000000000000000000)  -> (artifact id: 'b2c7b6714a9e646256f22d05959e38e4') in 0.020854 seconds 
========================================================================
Received Import Request.
  Time since last request: 0.000047 seconds.
  path: Assets/Plugins/Demigiant/DemiLib/Core/Editor/Imgs/whiteDot.png
  artifactKey: Guid(ed7cb8f9a27664e48896c904189f0e2c) Importer(-1,00000000000000000000000000000000)
Start importing Assets/Plugins/Demigiant/DemiLib/Core/Editor/Imgs/whiteDot.png using Guid(ed7cb8f9a27664e48896c904189f0e2c) Importer(-1,00000000000000000000000000000000)  -> (artifact id: 'f273895be01d0a8d82cd4fdad3afe6e5') in 0.019004 seconds 
========================================================================
Received Import Request.
  Time since last request: 0.000051 seconds.
  path: Assets/Plugins/Demigiant/DemiLib/Core/Editor/Imgs/redSquare.png
  artifactKey: Guid(fbdd7ecf39c13bf48a5bd02a1159c90b) Importer(-1,00000000000000000000000000000000)
Start importing Assets/Plugins/Demigiant/DemiLib/Core/Editor/Imgs/redSquare.png using Guid(fbdd7ecf39c13bf48a5bd02a1159c90b) Importer(-1,00000000000000000000000000000000)  -> (artifact id: '558e72a405512c97129cd089a29d73c9') in 0.017903 seconds 
========================================================================
Received Import Request.
  Time since last request: 0.000036 seconds.
  path: Assets/Plugins/Demigiant/DemiLib/Core/Editor/Imgs/project/ico_fonts.png
  artifactKey: Guid(cf986943c88c2254780c17b2b5e3bc2f) Importer(-1,00000000000000000000000000000000)
Start importing Assets/Plugins/Demigiant/DemiLib/Core/Editor/Imgs/project/ico_fonts.png using Guid(cf986943c88c2254780c17b2b5e3bc2f) Importer(-1,00000000000000000000000000000000)  -> (artifact id: '41dd99a0bf855c38802a9932550a1cc2') in 0.025411 seconds 
========================================================================
Received Import Request.
  Time since last request: 0.000050 seconds.
  path: Assets/Plugins/Demigiant/DemiLib/Core/Editor/Imgs/ico_lock_open.png
  artifactKey: Guid(8d60feae84bdb2d4eb16a0037056c588) Importer(-1,00000000000000000000000000000000)
Start importing Assets/Plugins/Demigiant/DemiLib/Core/Editor/Imgs/ico_lock_open.png using Guid(8d60feae84bdb2d4eb16a0037056c588) Importer(-1,00000000000000000000000000000000)  -> (artifact id: '744bf4bbd880540268dce48d1f4a664f') in 0.029139 seconds 
========================================================================
Received Import Request.
  Time since last request: 0.000031 seconds.
  path: Assets/Plugins/Demigiant/DemiLib/Core/Editor/Imgs/project/ico_play.png
  artifactKey: Guid(d8306b1e159c72c4ebc9a4fc31debe60) Importer(-1,00000000000000000000000000000000)
Start importing Assets/Plugins/Demigiant/DemiLib/Core/Editor/Imgs/project/ico_play.png using Guid(d8306b1e159c72c4ebc9a4fc31debe60) Importer(-1,00000000000000000000000000000000)  -> (artifact id: '64317bb3617406fade84367f3472e245') in 0.028401 seconds 
========================================================================
Received Import Request.
  Time since last request: 0.000052 seconds.
  path: Assets/Plugins/Demigiant/DemiLib/Core/Editor/Imgs/project/ico_materials.png
  artifactKey: Guid(e02713e10d7aced44a7a651231f0adef) Importer(-1,00000000000000000000000000000000)
Start importing Assets/Plugins/Demigiant/DemiLib/Core/Editor/Imgs/project/ico_materials.png using Guid(e02713e10d7aced44a7a651231f0adef) Importer(-1,00000000000000000000000000000000)  -> (artifact id: '2f61d9cd00b7a0d431fc88a43d1ab4ce') in 0.029562 seconds 
========================================================================
Received Import Request.
  Time since last request: 0.000084 seconds.
  path: Assets/Plugins/Demigiant/DemiLib/Core/Editor/Imgs/whiteSquareCurved02.png
  artifactKey: Guid(282d742ce2ddf9f458812ab84ea6fa88) Importer(-1,00000000000000000000000000000000)
Start importing Assets/Plugins/Demigiant/DemiLib/Core/Editor/Imgs/whiteSquareCurved02.png using Guid(282d742ce2ddf9f458812ab84ea6fa88) Importer(-1,00000000000000000000000000000000)  -> (artifact id: '0caf6508b38661f19f8e0c4cd45c91ed') in 0.030538 seconds 
========================================================================
Received Import Request.
  Time since last request: 0.000065 seconds.
  path: Assets/Plugins/Demigiant/DemiLib/Core/Editor/Imgs/project/ico_prefab.png
  artifactKey: Guid(ed3789262161efa4fa33c85ca534590e) Importer(-1,00000000000000000000000000000000)
Start importing Assets/Plugins/Demigiant/DemiLib/Core/Editor/Imgs/project/ico_prefab.png using Guid(ed3789262161efa4fa33c85ca534590e) Importer(-1,00000000000000000000000000000000)  -> (artifact id: 'b18d5eaa335dcf06ad13216d72ae7f5d') in 0.030922 seconds 
========================================================================
Received Import Request.
  Time since last request: 0.000046 seconds.
  path: Assets/Plugins/Demigiant/DOTween/Editor/Imgs/DOTweenMiniIcon.png
  artifactKey: Guid(61521df2e071645488ba3d05e49289ae) Importer(-1,00000000000000000000000000000000)
Start importing Assets/Plugins/Demigiant/DOTween/Editor/Imgs/DOTweenMiniIcon.png using Guid(61521df2e071645488ba3d05e49289ae) Importer(-1,00000000000000000000000000000000)  -> (artifact id: '1696cb732f6d0b36740ebe81c06ef5d3') in 0.022832 seconds 
========================================================================
Received Import Request.
  Time since last request: 0.000044 seconds.
  path: Assets/Plugins/Demigiant/DemiLib/Core/Editor/Imgs/ico_heart.png
  artifactKey: Guid(d173388c1d9c32a418b5b777dd89d71a) Importer(-1,00000000000000000000000000000000)
Start importing Assets/Plugins/Demigiant/DemiLib/Core/Editor/Imgs/ico_heart.png using Guid(d173388c1d9c32a418b5b777dd89d71a) Importer(-1,00000000000000000000000000000000)  -> (artifact id: '2aa59b0efa3dd1e726379f5b965d3acc') in 0.019290 seconds 
========================================================================
Received Import Request.
  Time since last request: 0.000031 seconds.
  path: Assets/Plugins/Demigiant/DemiLib/Core/Editor/Imgs/ico_cog_border.png
  artifactKey: Guid(6862027f2176eae40a3143c562466a1b) Importer(-1,00000000000000000000000000000000)
Start importing Assets/Plugins/Demigiant/DemiLib/Core/Editor/Imgs/ico_cog_border.png using Guid(6862027f2176eae40a3143c562466a1b) Importer(-1,00000000000000000000000000000000)  -> (artifact id: '2e57e6205a9ea13844b53643e6324c7c') in 0.020852 seconds 
========================================================================
Received Import Request.
  Time since last request: 0.000031 seconds.
  path: Assets/Plugins/Demigiant/DemiLib/Core/Editor/Imgs/project/ico_terrains.png
  artifactKey: Guid(4a091a7609ef2d34bbdfaa1a886deb18) Importer(-1,00000000000000000000000000000000)
Start importing Assets/Plugins/Demigiant/DemiLib/Core/Editor/Imgs/project/ico_terrains.png using Guid(4a091a7609ef2d34bbdfaa1a886deb18) Importer(-1,00000000000000000000000000000000)  -> (artifact id: '161da847dfcb00666ff70e039f907997') in 0.021285 seconds 
========================================================================
Received Import Request.
  Time since last request: 0.000076 seconds.
  path: Assets/Plugins/Demigiant/DemiLib/Core/Editor/Imgs/whiteDot_whiteBorderAlpha.png
  artifactKey: Guid(039dc89c76661c344b7776f8a47cc5a4) Importer(-1,00000000000000000000000000000000)
Start importing Assets/Plugins/Demigiant/DemiLib/Core/Editor/Imgs/whiteDot_whiteBorderAlpha.png using Guid(039dc89c76661c344b7776f8a47cc5a4) Importer(-1,00000000000000000000000000000000)  -> (artifact id: '5bc04a9bf5d6c7278c60e9015880cbac') in 0.021374 seconds 
========================================================================
Received Import Request.
  Time since last request: 0.000048 seconds.
  path: Assets/Plugins/Demigiant/DOTweenPro Examples/Examples Assets/dotweenpro_logo.png
  artifactKey: Guid(44a054df1702e39458b7072b08d0f212) Importer(-1,00000000000000000000000000000000)
Start importing Assets/Plugins/Demigiant/DOTweenPro Examples/Examples Assets/dotweenpro_logo.png using Guid(44a054df1702e39458b7072b08d0f212) Importer(-1,00000000000000000000000000000000)  -> (artifact id: 'df129959fec33a5db5524dba378107ba') in 0.074240 seconds 
========================================================================
Received Import Request.
  Time since last request: 0.000049 seconds.
  path: Assets/Plugins/Demigiant/DemiLib/Core/Editor/Imgs/ico_ui_border.png
  artifactKey: Guid(c0c40ceac3c6df146a0fcd4e6b226540) Importer(-1,00000000000000000000000000000000)
Start importing Assets/Plugins/Demigiant/DemiLib/Core/Editor/Imgs/ico_ui_border.png using Guid(c0c40ceac3c6df146a0fcd4e6b226540) Importer(-1,00000000000000000000000000000000)  -> (artifact id: '44e0763caa1c3aefd6b00f096d517157') in 0.023278 seconds 
========================================================================
Received Import Request.
  Time since last request: 0.000037 seconds.
  path: Assets/Plugins/Demigiant/DemiLib/Core/Editor/Imgs/project/ico_folder.png
  artifactKey: Guid(4f2c4b43188596b47866d41e1dc13c8a) Importer(-1,00000000000000000000000000000000)
Start importing Assets/Plugins/Demigiant/DemiLib/Core/Editor/Imgs/project/ico_folder.png using Guid(4f2c4b43188596b47866d41e1dc13c8a) Importer(-1,00000000000000000000000000000000)  -> (artifact id: '31e8090b51cbc86f1cf5d04cfe5fe453') in 0.020859 seconds 
========================================================================
Received Import Request.
  Time since last request: 0.000026 seconds.
  path: Assets/Plugins/Demigiant/DemiLib/Core/Editor/Imgs/ico_alignT.png
  artifactKey: Guid(b4785ec6d937dab4fa59da70b69afc9d) Importer(-1,00000000000000000000000000000000)
Start importing Assets/Plugins/Demigiant/DemiLib/Core/Editor/Imgs/ico_alignT.png using Guid(b4785ec6d937dab4fa59da70b69afc9d) Importer(-1,00000000000000000000000000000000)  -> (artifact id: 'cb1d1bccd2e8568e54a797928f5fe8e7') in 0.016747 seconds 
========================================================================
Received Import Request.
  Time since last request: 0.000032 seconds.
  path: Assets/Plugins/Demigiant/DemiLib/Core/Editor/Imgs/ico_comment_border.png
  artifactKey: Guid(d98b8847646169c4fb5af28dd84c4179) Importer(-1,00000000000000000000000000000000)
Start importing Assets/Plugins/Demigiant/DemiLib/Core/Editor/Imgs/ico_comment_border.png using Guid(d98b8847646169c4fb5af28dd84c4179) Importer(-1,00000000000000000000000000000000)  -> (artifact id: '69c081c199839f6c0942227b52424106') in 0.017807 seconds 
========================================================================
Received Import Request.
  Time since last request: 0.000061 seconds.
  path: Assets/Plugins/Demigiant/DemiLib/Core/Editor/Imgs/squareBorderCurved_darkBorders.png
  artifactKey: Guid(25da15ac84743244ab4c860cf8798ec8) Importer(-1,00000000000000000000000000000000)
Start importing Assets/Plugins/Demigiant/DemiLib/Core/Editor/Imgs/squareBorderCurved_darkBorders.png using Guid(25da15ac84743244ab4c860cf8798ec8) Importer(-1,00000000000000000000000000000000)  -> (artifact id: 'bd7df64bd398942db6724cf121ffce1c') in 0.019570 seconds 
========================================================================
Received Import Request.
  Time since last request: 0.000060 seconds.
  path: Assets/Plugins/Demigiant/DemiLib/Core/Editor/Imgs/blueSquare.png
  artifactKey: Guid(05cfe010378336646ad6c721f66543d1) Importer(-1,00000000000000000000000000000000)
Start importing Assets/Plugins/Demigiant/DemiLib/Core/Editor/Imgs/blueSquare.png using Guid(05cfe010378336646ad6c721f66543d1) Importer(-1,00000000000000000000000000000000)  -> (artifact id: 'be80a7fbbe640894091de61ea921d629') in 0.015870 seconds 
========================================================================
Received Import Request.
  Time since last request: 0.000061 seconds.
  path: Assets/Plugins/Demigiant/DemiLib/Core/Editor/Imgs/project/ico_bundle.png
  artifactKey: Guid(58676a985ae875646b7be748cf4499fd) Importer(-1,00000000000000000000000000000000)
Start importing Assets/Plugins/Demigiant/DemiLib/Core/Editor/Imgs/project/ico_bundle.png using Guid(58676a985ae875646b7be748cf4499fd) Importer(-1,00000000000000000000000000000000)  -> (artifact id: '92cddec8c706523b0251362ced63606a') in 0.028060 seconds 
========================================================================
Received Import Request.
  Time since last request: 0.000107 seconds.
  path: Assets/Plugins/Demigiant/DemiLib/Core/Editor/Imgs/squareBorderEmpty01.png
  artifactKey: Guid(aa8dc9238ab21e54ca88fa22698e4679) Importer(-1,00000000000000000000000000000000)
Start importing Assets/Plugins/Demigiant/DemiLib/Core/Editor/Imgs/squareBorderEmpty01.png using Guid(aa8dc9238ab21e54ca88fa22698e4679) Importer(-1,00000000000000000000000000000000)  -> (artifact id: 'e374d015f6c7bdd9cac1d73ae046d64d') in 0.016860 seconds 
========================================================================
Received Import Request.
  Time since last request: 0.000059 seconds.
  path: Assets/Plugins/Demigiant/DemiLib/Core/Editor/Imgs/ico_alignCC.png
  artifactKey: Guid(8f0cb66458819764b94b93250bae94b6) Importer(-1,00000000000000000000000000000000)
Start importing Assets/Plugins/Demigiant/DemiLib/Core/Editor/Imgs/ico_alignCC.png using Guid(8f0cb66458819764b94b93250bae94b6) Importer(-1,00000000000000000000000000000000)  -> (artifact id: 'c4da0e5d6e36a88bf29b384772e35453') in 0.022707 seconds 
========================================================================
Received Import Request.
  Time since last request: 0.000040 seconds.
  path: Assets/Plugins/Demigiant/DemiLib/Core/Editor/Imgs/ico_distributeHAlignT.png
  artifactKey: Guid(1ccb12a4b0bf8f447b2cc114851732f5) Importer(-1,00000000000000000000000000000000)
Start importing Assets/Plugins/Demigiant/DemiLib/Core/Editor/Imgs/ico_distributeHAlignT.png using Guid(1ccb12a4b0bf8f447b2cc114851732f5) Importer(-1,00000000000000000000000000000000)  -> (artifact id: '40618fbc193e1549b0cd1709291062dc') in 0.023933 seconds 
========================================================================
Received Import Request.
  Time since last request: 0.000030 seconds.
  path: Assets/Plugins/Demigiant/DemiLib/Core/Editor/Imgs/ico_distributeVAlignL.png
  artifactKey: Guid(32eaa0efb2b38774ea9705b40fdcc00a) Importer(-1,00000000000000000000000000000000)
Start importing Assets/Plugins/Demigiant/DemiLib/Core/Editor/Imgs/ico_distributeVAlignL.png using Guid(32eaa0efb2b38774ea9705b40fdcc00a) Importer(-1,00000000000000000000000000000000)  -> (artifact id: '974e28a65a58db953afe349ada6c98c1') in 0.023345 seconds 
========================================================================
Received Import Request.
  Time since last request: 0.000037 seconds.
  path: Assets/Plugins/Demigiant/DemiLib/Core/Editor/Imgs/whiteSquareAlpha15.png
  artifactKey: Guid(5510cdd48a6aaaa439c95ef5b2fe9e28) Importer(-1,00000000000000000000000000000000)
Start importing Assets/Plugins/Demigiant/DemiLib/Core/Editor/Imgs/whiteSquareAlpha15.png using Guid(5510cdd48a6aaaa439c95ef5b2fe9e28) Importer(-1,00000000000000000000000000000000)  -> (artifact id: '15aff12bdc9fd0760431ea92b86dde7b') in 0.017860 seconds 
========================================================================
Received Import Request.
  Time since last request: 0.000039 seconds.
  path: Assets/Plugins/Demigiant/DemiLib/Core/Editor/Imgs/ico_alignVC.png
  artifactKey: Guid(d1d45eadab0e41c4a82cdffb6396b1d7) Importer(-1,00000000000000000000000000000000)
Start importing Assets/Plugins/Demigiant/DemiLib/Core/Editor/Imgs/ico_alignVC.png using Guid(d1d45eadab0e41c4a82cdffb6396b1d7) Importer(-1,00000000000000000000000000000000)  -> (artifact id: 'c8f3d50f27c9cc3bfead498804b23aa1') in 0.018895 seconds 
========================================================================
Received Import Request.
  Time since last request: 0.000048 seconds.
  path: Assets/Plugins/Demigiant/DemiLib/Core/Editor/Imgs/squareCorners03.png
  artifactKey: Guid(dec3ea647707588408ec0d11ab130b73) Importer(-1,00000000000000000000000000000000)
Start importing Assets/Plugins/Demigiant/DemiLib/Core/Editor/Imgs/squareCorners03.png using Guid(dec3ea647707588408ec0d11ab130b73) Importer(-1,00000000000000000000000000000000)  -> (artifact id: '95bc56ad35dd2a60a29a34159c7d88c6') in 0.020238 seconds 
========================================================================
Received Prepare
Registering precompiled user dll's ...
Registered in 0.012520 seconds.
Begin MonoManager ReloadAssembly
Symbol file LoadedFromMemory doesn't match image C:\Users\Mouaad\Desktop\Unity\Unity Starter\Library\PackageCache\com.unity.visualscripting@1.7.7\Editor\VisualScripting.Core\Dependencies\YamlDotNet\Unity.VisualScripting.YamlDotNet.dll
Symbol file LoadedFromMemory is not a mono symbol file
Symbol file LoadedFromMemory doesn't match image C:\Users\Mouaad\Desktop\Unity\Unity Starter\Library\PackageCache\com.unity.visualscripting@1.7.7\Editor\VisualScripting.Core\Dependencies\DotNetZip\Unity.VisualScripting.IonicZip.dll
Native extension for WindowsStandalone target not found
Native extension for Android target not found
Refreshing native plugins compatible for Editor in 2.17 ms, found 3 plugins.
Preloading 0 native plugins for Editor in 0.00 ms.
Mono: successfully reloaded assembly
- Completed reload, in  1.920 seconds
Domain Reload Profiling:
	ReloadAssembly (1921ms)
		BeginReloadAssembly (223ms)
			ExecutionOrderSort (0ms)
			DisableScriptedObjects (10ms)
			BackupInstance (0ms)
			ReleaseScriptingObjects (0ms)
			CreateAndSetChildDomain (88ms)
		EndReloadAssembly (1522ms)
			LoadAssemblies (163ms)
			RebuildTransferFunctionScriptingTraits (0ms)
			SetupTypeCache (559ms)
			ReleaseScriptCaches (2ms)
			RebuildScriptCaches (71ms)
			SetupLoadedEditorAssemblies (654ms)
				LogAssemblyErrors (0ms)
				InitializePlatformSupportModulesInManaged (34ms)
				SetLoadedEditorAssemblies (1ms)
				RefreshPlugins (2ms)
				BeforeProcessingInitializeOnLoad (130ms)
				ProcessInitializeOnLoadAttributes (347ms)
				ProcessInitializeOnLoadMethodAttributes (132ms)
				AfterProcessingInitializeOnLoad (8ms)
				EditorAssembliesLoaded (0ms)
			ExecutionOrderSort2 (0ms)
			AwakeInstancesAfterBackupRestoration (15ms)
Platform modules already initialized, skipping
Refreshing native plugins compatible for Editor in 5.35 ms, found 3 plugins.
Preloading 0 native plugins for Editor in 0.00 ms.
Unloading 5028 Unused Serialized files (Serialized files now loaded: 0)
Unloading 37 unused Assets / (0.7 MB). Loaded Objects now: 5631.
Memory consumption went from 193.8 MB to 193.1 MB.
Total: 7.117800 ms (FindLiveObjects: 0.587000 ms CreateObjectMapping: 1.489400 ms MarkObjects: 4.668600 ms  DeleteObjects: 0.370700 ms)

AssetImportParameters requested are different than current active one (requested -> active):
  custom:video-decoder-ogg-theora: a1e56fd34408186e4bbccfd4996cb3dc -> 
  custom:container-muxer-webm: aa71ff27fc2769a1b78a27578f13a17b -> 
  custom:container-demuxer-webm: 4f35f7cbe854078d1ac9338744f61a02 -> 
  custom:video-encoder-webm-vp8: eb34c28f22e8b96e1ab97ce403110664 -> 
  custom:audio-encoder-webm-vorbis: bf7c407c2cedff20999df2af8eb42d56 -> 
  custom:framework-win-MediaFoundation: 216162199b28c13a410421893ffa2e32 -> 
  custom:container-demuxer-ogg: 62fdf1f143b41e24485cea50d1cbac27 -> 
  custom:video-decoder-webm-vp8: 9c59270c3fd7afecdb556c50c9e8de78 -> 
  custom:audio-decoder-ogg-vorbis: bf7c407c2cedff20999df2af8eb42d56 -> 
Editor requested this worker to shutdown with reason: Scaling down because of idle timeout
AssetImportWorker is now disconnected from the server
Process exiting
Exiting without the bug reporter. Application will terminate with return code 0