Using pre-set license
Built from '2021.3/staging' branch; Version is '2021.3.0f1 (6eacc8284459) revision 7253192'; Using compiler version '192829333'; Build Type 'Release'
OS: 'Windows 11  (10.0.22000) 64bit Professional' Language: 'en' Physical Memory: 16235 MB
BatchMode: 1, IsHumanControllingUs: 0, StartBugReporterOnCrash: 0, Is64bit: 1, IsPro: 1

COMMAND LINE ARGUMENTS:
C:\Program Files\Unity\Hub\Editor\2021.3.0f1\Editor\Unity.exe
-adb2
-batchMode
-noUpm
-name
AssetImportWorker4
-projectPath
C:/Users/Mouaad/Desktop/Unity/Unity Starter
-logFile
Logs/AssetImportWorker4.log
-srvPort
1047
Successfully changed project path to: C:/Users/Mouaad/Desktop/Unity/Unity Starter
C:/Users/Mouaad/Desktop/Unity/Unity Starter
[UnityMemory] Configuration Parameters - Can be set up in boot.config
    "memorysetup-bucket-allocator-granularity=16"
    "memorysetup-bucket-allocator-bucket-count=8"
    "memorysetup-bucket-allocator-block-size=33554432"
    "memorysetup-bucket-allocator-block-count=8"
    "memorysetup-main-allocator-block-size=16777216"
    "memorysetup-thread-allocator-block-size=16777216"
    "memorysetup-gfx-main-allocator-block-size=16777216"
    "memorysetup-gfx-thread-allocator-block-size=16777216"
    "memorysetup-cache-allocator-block-size=4194304"
    "memorysetup-typetree-allocator-block-size=2097152"
    "memorysetup-profiler-bucket-allocator-granularity=16"
    "memorysetup-profiler-bucket-allocator-bucket-count=8"
    "memorysetup-profiler-bucket-allocator-block-size=33554432"
    "memorysetup-profiler-bucket-allocator-block-count=8"
    "memorysetup-profiler-allocator-block-size=16777216"
    "memorysetup-profiler-editor-allocator-block-size=1048576"
    "memorysetup-temp-allocator-size-main=16777216"
    "memorysetup-job-temp-allocator-block-size=2097152"
    "memorysetup-job-temp-allocator-block-size-background=1048576"
    "memorysetup-job-temp-allocator-reduction-small-platforms=262144"
    "memorysetup-temp-allocator-size-background-worker=32768"
    "memorysetup-temp-allocator-size-job-worker=262144"
    "memorysetup-temp-allocator-size-preload-manager=33554432"
    "memorysetup-temp-allocator-size-nav-mesh-worker=65536"
    "memorysetup-temp-allocator-size-audio-worker=65536"
    "memorysetup-temp-allocator-size-cloud-worker=32768"
    "memorysetup-temp-allocator-size-gi-baking-worker=262144"
    "memorysetup-temp-allocator-size-gfx=262144"
Refreshing native plugins compatible for Editor in 191.15 ms, found 5 plugins.
Preloading 0 native plugins for Editor in 0.00 ms.
Initialize engine version: 2021.3.0f1 (6eacc8284459)
[Subsystems] Discovering subsystems at path C:/Program Files/Unity/Hub/Editor/2021.3.0f1/Editor/Data/Resources/UnitySubsystems
[Subsystems] Discovering subsystems at path C:/Users/Mouaad/Desktop/Unity/Unity Starter/Assets
GfxDevice: creating device client; threaded=0; jobified=0
Direct3D:
    Version:  Direct3D 11.0 [level 11.1]
    Renderer: NVIDIA GeForce GTX 1060 (ID=0x1c20)
    Vendor:   NVIDIA
    VRAM:     6052 MB
    Driver:   27.21.14.5763
Initialize mono
Mono path[0] = 'C:/Program Files/Unity/Hub/Editor/2021.3.0f1/Editor/Data/Managed'
Mono path[1] = 'C:/Program Files/Unity/Hub/Editor/2021.3.0f1/Editor/Data/MonoBleedingEdge/lib/mono/unityjit-win32'
Mono config path = 'C:/Program Files/Unity/Hub/Editor/2021.3.0f1/Editor/Data/MonoBleedingEdge/etc'
Using monoOptions --debugger-agent=transport=dt_socket,embedding=1,server=y,suspend=n,address=127.0.0.1:56524
Begin MonoManager ReloadAssembly
Registering precompiled unity dll's ...
Register platform support module: C:/Program Files/Unity/Hub/Editor/2021.3.0f1/Editor/Data/PlaybackEngines/AndroidPlayer/UnityEditor.Android.Extensions.dll
Register platform support module: C:/Program Files/Unity/Hub/Editor/2021.3.0f1/Editor/Data/PlaybackEngines/WindowsStandaloneSupport/UnityEditor.WindowsStandalone.Extensions.dll
Registered in 0.007493 seconds.
Native extension for WindowsStandalone target not found
Native extension for Android target not found
Refreshing native plugins compatible for Editor in 193.20 ms, found 5 plugins.
Preloading 0 native plugins for Editor in 0.00 ms.
Mono: successfully reloaded assembly
- Completed reload, in  1.185 seconds
Domain Reload Profiling:
	ReloadAssembly (1186ms)
		BeginReloadAssembly (122ms)
			ExecutionOrderSort (0ms)
			DisableScriptedObjects (0ms)
			BackupInstance (0ms)
			ReleaseScriptingObjects (0ms)
			CreateAndSetChildDomain (1ms)
		EndReloadAssembly (890ms)
			LoadAssemblies (119ms)
			RebuildTransferFunctionScriptingTraits (0ms)
			SetupTypeCache (214ms)
			ReleaseScriptCaches (0ms)
			RebuildScriptCaches (43ms)
			SetupLoadedEditorAssemblies (552ms)
				LogAssemblyErrors (0ms)
				InitializePlatformSupportModulesInManaged (97ms)
				SetLoadedEditorAssemblies (0ms)
				RefreshPlugins (193ms)
				BeforeProcessingInitializeOnLoad (2ms)
				ProcessInitializeOnLoadAttributes (175ms)
				ProcessInitializeOnLoadMethodAttributes (84ms)
				AfterProcessingInitializeOnLoad (0ms)
				EditorAssembliesLoaded (0ms)
			ExecutionOrderSort2 (0ms)
			AwakeInstancesAfterBackupRestoration (0ms)
Platform modules already initialized, skipping
Registering precompiled user dll's ...
Registered in 0.016247 seconds.
Begin MonoManager ReloadAssembly
Symbol file LoadedFromMemory doesn't match image C:\Users\Mouaad\Desktop\Unity\Unity Starter\Library\PackageCache\com.unity.visualscripting@1.7.7\Editor\VisualScripting.Core\Dependencies\YamlDotNet\Unity.VisualScripting.YamlDotNet.dll
Symbol file LoadedFromMemory is not a mono symbol file
Symbol file LoadedFromMemory doesn't match image C:\Users\Mouaad\Desktop\Unity\Unity Starter\Library\PackageCache\com.unity.visualscripting@1.7.7\Editor\VisualScripting.Core\Dependencies\DotNetZip\Unity.VisualScripting.IonicZip.dll
Native extension for WindowsStandalone target not found
Native extension for Android target not found
Refreshing native plugins compatible for Editor in 386.38 ms, found 5 plugins.
Preloading 0 native plugins for Editor in 0.00 ms.
Mono: successfully reloaded assembly
- Completed reload, in  5.678 seconds
Domain Reload Profiling:
	ReloadAssembly (5679ms)
		BeginReloadAssembly (301ms)
			ExecutionOrderSort (0ms)
			DisableScriptedObjects (8ms)
			BackupInstance (0ms)
			ReleaseScriptingObjects (0ms)
			CreateAndSetChildDomain (149ms)
		EndReloadAssembly (5191ms)
			LoadAssemblies (191ms)
			RebuildTransferFunctionScriptingTraits (0ms)
			SetupTypeCache (527ms)
			ReleaseScriptCaches (2ms)
			RebuildScriptCaches (481ms)
			SetupLoadedEditorAssemblies (2836ms)
				LogAssemblyErrors (0ms)
				InitializePlatformSupportModulesInManaged (143ms)
				SetLoadedEditorAssemblies (20ms)
				RefreshPlugins (387ms)
				BeforeProcessingInitializeOnLoad (1245ms)
				ProcessInitializeOnLoadAttributes (777ms)
				ProcessInitializeOnLoadMethodAttributes (255ms)
				AfterProcessingInitializeOnLoad (9ms)
				EditorAssembliesLoaded (0ms)
			ExecutionOrderSort2 (0ms)
			AwakeInstancesAfterBackupRestoration (15ms)
Platform modules already initialized, skipping
========================================================================
Worker process is ready to serve import requests
Launched and connected shader compiler UnityShaderCompiler.exe after 0.23 seconds
Refreshing native plugins compatible for Editor in 2.12 ms, found 5 plugins.
Preloading 0 native plugins for Editor in 0.00 ms.
Unloading 5293 Unused Serialized files (Serialized files now loaded: 0)
Unloading 57 unused Assets / (85.2 MB). Loaded Objects now: 5746.
Memory consumption went from 207.5 MB to 122.3 MB.
Total: 14.751400 ms (FindLiveObjects: 0.966400 ms CreateObjectMapping: 0.951800 ms MarkObjects: 12.092800 ms  DeleteObjects: 0.737400 ms)

AssetImportParameters requested are different than current active one (requested -> active):
  custom:video-decoder-ogg-theora: a1e56fd34408186e4bbccfd4996cb3dc -> 
  custom:container-muxer-webm: aa71ff27fc2769a1b78a27578f13a17b -> 
  custom:container-demuxer-webm: 4f35f7cbe854078d1ac9338744f61a02 -> 
  custom:video-encoder-webm-vp8: eb34c28f22e8b96e1ab97ce403110664 -> 
  custom:audio-encoder-webm-vorbis: bf7c407c2cedff20999df2af8eb42d56 -> 
  custom:framework-win-MediaFoundation: 216162199b28c13a410421893ffa2e32 -> 
  custom:container-demuxer-ogg: 62fdf1f143b41e24485cea50d1cbac27 -> 
  custom:video-decoder-webm-vp8: 9c59270c3fd7afecdb556c50c9e8de78 -> 
  custom:audio-decoder-ogg-vorbis: bf7c407c2cedff20999df2af8eb42d56 -> 
========================================================================
Received Prepare
Registering precompiled user dll's ...
Registered in 0.022758 seconds.
Begin MonoManager ReloadAssembly
Symbol file LoadedFromMemory doesn't match image C:\Users\Mouaad\Desktop\Unity\Unity Starter\Library\PackageCache\com.unity.visualscripting@1.7.7\Editor\VisualScripting.Core\Dependencies\YamlDotNet\Unity.VisualScripting.YamlDotNet.dll
Symbol file LoadedFromMemory is not a mono symbol file
Symbol file LoadedFromMemory doesn't match image C:\Users\Mouaad\Desktop\Unity\Unity Starter\Library\PackageCache\com.unity.visualscripting@1.7.7\Editor\VisualScripting.Core\Dependencies\DotNetZip\Unity.VisualScripting.IonicZip.dll
Native extension for WindowsStandalone target not found
Native extension for Android target not found
Refreshing native plugins compatible for Editor in 3.77 ms, found 6 plugins.
Preloading 0 native plugins for Editor in 0.00 ms.
Mono: successfully reloaded assembly
- Completed reload, in  7.684 seconds
Domain Reload Profiling:
	ReloadAssembly (7686ms)
		BeginReloadAssembly (1486ms)
			ExecutionOrderSort (0ms)
			DisableScriptedObjects (58ms)
			BackupInstance (0ms)
			ReleaseScriptingObjects (1ms)
			CreateAndSetChildDomain (816ms)
		EndReloadAssembly (5188ms)
			LoadAssemblies (819ms)
			RebuildTransferFunctionScriptingTraits (0ms)
			SetupTypeCache (2501ms)
			ReleaseScriptCaches (7ms)
			RebuildScriptCaches (328ms)
			SetupLoadedEditorAssemblies (1456ms)
				LogAssemblyErrors (0ms)
				InitializePlatformSupportModulesInManaged (128ms)
				SetLoadedEditorAssemblies (3ms)
				RefreshPlugins (4ms)
				BeforeProcessingInitializeOnLoad (313ms)
				ProcessInitializeOnLoadAttributes (809ms)
				ProcessInitializeOnLoadMethodAttributes (187ms)
				AfterProcessingInitializeOnLoad (11ms)
				EditorAssembliesLoaded (1ms)
			ExecutionOrderSort2 (0ms)
			AwakeInstancesAfterBackupRestoration (25ms)
Platform modules already initialized, skipping
Refreshing native plugins compatible for Editor in 7.71 ms, found 6 plugins.
Preloading 0 native plugins for Editor in 0.00 ms.
Unloading 5392 Unused Serialized files (Serialized files now loaded: 0)
Unloading 49 unused Assets / (0.9 MB). Loaded Objects now: 5970.
Memory consumption went from 206.2 MB to 205.3 MB.
Total: 9.414500 ms (FindLiveObjects: 0.765600 ms CreateObjectMapping: 0.885200 ms MarkObjects: 6.427600 ms  DeleteObjects: 1.332500 ms)

AssetImportParameters requested are different than current active one (requested -> active):
  custom:video-decoder-ogg-theora: a1e56fd34408186e4bbccfd4996cb3dc -> 
  custom:container-muxer-webm: aa71ff27fc2769a1b78a27578f13a17b -> 
  custom:container-demuxer-webm: 4f35f7cbe854078d1ac9338744f61a02 -> 
  custom:video-encoder-webm-vp8: eb34c28f22e8b96e1ab97ce403110664 -> 
  custom:audio-encoder-webm-vorbis: bf7c407c2cedff20999df2af8eb42d56 -> 
  custom:framework-win-MediaFoundation: 216162199b28c13a410421893ffa2e32 -> 
  custom:container-demuxer-ogg: 62fdf1f143b41e24485cea50d1cbac27 -> 
  custom:video-decoder-webm-vp8: 9c59270c3fd7afecdb556c50c9e8de78 -> 
  custom:audio-decoder-ogg-vorbis: bf7c407c2cedff20999df2af8eb42d56 -> 
========================================================================
Received Prepare
Registering precompiled user dll's ...
Registered in 0.017288 seconds.
Begin MonoManager ReloadAssembly
Symbol file LoadedFromMemory doesn't match image C:\Users\Mouaad\Desktop\Unity\Unity Starter\Library\PackageCache\com.unity.visualscripting@1.7.7\Editor\VisualScripting.Core\Dependencies\YamlDotNet\Unity.VisualScripting.YamlDotNet.dll
Symbol file LoadedFromMemory is not a mono symbol file
Symbol file LoadedFromMemory doesn't match image C:\Users\Mouaad\Desktop\Unity\Unity Starter\Library\PackageCache\com.unity.visualscripting@1.7.7\Editor\VisualScripting.Core\Dependencies\DotNetZip\Unity.VisualScripting.IonicZip.dll
Native extension for WindowsStandalone target not found
Native extension for Android target not found
Refreshing native plugins compatible for Editor in 1.87 ms, found 6 plugins.
Preloading 0 native plugins for Editor in 0.00 ms.
Mono: successfully reloaded assembly
- Completed reload, in  1.906 seconds
Domain Reload Profiling:
	ReloadAssembly (1907ms)
		BeginReloadAssembly (204ms)
			ExecutionOrderSort (0ms)
			DisableScriptedObjects (10ms)
			BackupInstance (0ms)
			ReleaseScriptingObjects (0ms)
			CreateAndSetChildDomain (67ms)
		EndReloadAssembly (1567ms)
			LoadAssemblies (161ms)
			RebuildTransferFunctionScriptingTraits (0ms)
			SetupTypeCache (477ms)
			ReleaseScriptCaches (3ms)
			RebuildScriptCaches (75ms)
			SetupLoadedEditorAssemblies (758ms)
				LogAssemblyErrors (0ms)
				InitializePlatformSupportModulesInManaged (34ms)
				SetLoadedEditorAssemblies (1ms)
				RefreshPlugins (2ms)
				BeforeProcessingInitializeOnLoad (157ms)
				ProcessInitializeOnLoadAttributes (343ms)
				ProcessInitializeOnLoadMethodAttributes (211ms)
				AfterProcessingInitializeOnLoad (9ms)
				EditorAssembliesLoaded (0ms)
			ExecutionOrderSort2 (0ms)
			AwakeInstancesAfterBackupRestoration (18ms)
Platform modules already initialized, skipping
Refreshing native plugins compatible for Editor in 7.94 ms, found 6 plugins.
Preloading 0 native plugins for Editor in 0.00 ms.
Unloading 5396 Unused Serialized files (Serialized files now loaded: 0)
Unloading 49 unused Assets / (0.9 MB). Loaded Objects now: 5977.
Memory consumption went from 206.4 MB to 205.4 MB.
Total: 12.800200 ms (FindLiveObjects: 1.457800 ms CreateObjectMapping: 1.499600 ms MarkObjects: 8.737100 ms  DeleteObjects: 1.103500 ms)

AssetImportParameters requested are different than current active one (requested -> active):
  custom:video-decoder-ogg-theora: a1e56fd34408186e4bbccfd4996cb3dc -> 
  custom:container-muxer-webm: aa71ff27fc2769a1b78a27578f13a17b -> 
  custom:container-demuxer-webm: 4f35f7cbe854078d1ac9338744f61a02 -> 
  custom:video-encoder-webm-vp8: eb34c28f22e8b96e1ab97ce403110664 -> 
  custom:audio-encoder-webm-vorbis: bf7c407c2cedff20999df2af8eb42d56 -> 
  custom:framework-win-MediaFoundation: 216162199b28c13a410421893ffa2e32 -> 
  custom:container-demuxer-ogg: 62fdf1f143b41e24485cea50d1cbac27 -> 
  custom:video-decoder-webm-vp8: 9c59270c3fd7afecdb556c50c9e8de78 -> 
  custom:audio-decoder-ogg-vorbis: bf7c407c2cedff20999df2af8eb42d56 -> 
========================================================================
Received Import Request.
  Time since last request: 64827.326889 seconds.
  path: Assets/Resources
  artifactKey: Guid(b11352ee0fc100b4ab96acac1a567d47) Importer(815301076,1909f56bfc062723c751e8b465ee728b)
Start importing Assets/Resources using Guid(b11352ee0fc100b4ab96acac1a567d47) Importer(815301076,1909f56bfc062723c751e8b465ee728b)  -> (artifact id: 'aef714ae532b33092d6ca35d30cb658c') in 0.014457 seconds 
========================================================================
Received Import Request.
  Time since last request: 7.146631 seconds.
  path: Assets/Resources/Packages
  artifactKey: Guid(a2fe1110167b58e44ba6f18f03be552c) Importer(815301076,1909f56bfc062723c751e8b465ee728b)
Start importing Assets/Resources/Packages using Guid(a2fe1110167b58e44ba6f18f03be552c) Importer(815301076,1909f56bfc062723c751e8b465ee728b)  -> (artifact id: '6c933bc193d42d97b3294e9ca24fdd96') in 0.007693 seconds 
========================================================================
Received Prepare
Registering precompiled user dll's ...
Registered in 0.012260 seconds.
Begin MonoManager ReloadAssembly
Symbol file LoadedFromMemory doesn't match image C:\Users\Mouaad\Desktop\Unity\Unity Starter\Library\PackageCache\com.unity.visualscripting@1.7.7\Editor\VisualScripting.Core\Dependencies\YamlDotNet\Unity.VisualScripting.YamlDotNet.dll
Symbol file LoadedFromMemory is not a mono symbol file
Symbol file LoadedFromMemory doesn't match image C:\Users\Mouaad\Desktop\Unity\Unity Starter\Library\PackageCache\com.unity.visualscripting@1.7.7\Editor\VisualScripting.Core\Dependencies\DotNetZip\Unity.VisualScripting.IonicZip.dll
Native extension for WindowsStandalone target not found
Native extension for Android target not found
Refreshing native plugins compatible for Editor in 1.40 ms, found 6 plugins.
Preloading 0 native plugins for Editor in 0.00 ms.
Mono: successfully reloaded assembly
- Completed reload, in  1.974 seconds
Domain Reload Profiling:
	ReloadAssembly (1976ms)
		BeginReloadAssembly (246ms)
			ExecutionOrderSort (0ms)
			DisableScriptedObjects (15ms)
			BackupInstance (0ms)
			ReleaseScriptingObjects (0ms)
			CreateAndSetChildDomain (81ms)
		EndReloadAssembly (1566ms)
			LoadAssemblies (174ms)
			RebuildTransferFunctionScriptingTraits (0ms)
			SetupTypeCache (561ms)
			ReleaseScriptCaches (2ms)
			RebuildScriptCaches (90ms)
			SetupLoadedEditorAssemblies (668ms)
				LogAssemblyErrors (0ms)
				InitializePlatformSupportModulesInManaged (37ms)
				SetLoadedEditorAssemblies (1ms)
				RefreshPlugins (2ms)
				BeforeProcessingInitializeOnLoad (140ms)
				ProcessInitializeOnLoadAttributes (360ms)
				ProcessInitializeOnLoadMethodAttributes (123ms)
				AfterProcessingInitializeOnLoad (6ms)
				EditorAssembliesLoaded (0ms)
			ExecutionOrderSort2 (0ms)
			AwakeInstancesAfterBackupRestoration (13ms)
Platform modules already initialized, skipping
Refreshing native plugins compatible for Editor in 9.20 ms, found 6 plugins.
Preloading 0 native plugins for Editor in 0.00 ms.
Unloading 5396 Unused Serialized files (Serialized files now loaded: 0)
Unloading 49 unused Assets / (0.9 MB). Loaded Objects now: 5980.
Memory consumption went from 206.4 MB to 205.5 MB.
Total: 8.766800 ms (FindLiveObjects: 1.031200 ms CreateObjectMapping: 1.435000 ms MarkObjects: 5.224700 ms  DeleteObjects: 1.073000 ms)

AssetImportParameters requested are different than current active one (requested -> active):
  custom:video-decoder-ogg-theora: a1e56fd34408186e4bbccfd4996cb3dc -> 
  custom:container-muxer-webm: aa71ff27fc2769a1b78a27578f13a17b -> 
  custom:container-demuxer-webm: 4f35f7cbe854078d1ac9338744f61a02 -> 
  custom:video-encoder-webm-vp8: eb34c28f22e8b96e1ab97ce403110664 -> 
  custom:audio-encoder-webm-vorbis: bf7c407c2cedff20999df2af8eb42d56 -> 
  custom:framework-win-MediaFoundation: 216162199b28c13a410421893ffa2e32 -> 
  custom:container-demuxer-ogg: 62fdf1f143b41e24485cea50d1cbac27 -> 
  custom:video-decoder-webm-vp8: 9c59270c3fd7afecdb556c50c9e8de78 -> 
  custom:audio-decoder-ogg-vorbis: bf7c407c2cedff20999df2af8eb42d56 -> 
========================================================================
Received Import Request.
  Time since last request: 16.875194 seconds.
  path: Assets/Presets
  artifactKey: Guid(558255460b74ec04fa70b5570e9327bd) Importer(815301076,1909f56bfc062723c751e8b465ee728b)
Start importing Assets/Presets using Guid(558255460b74ec04fa70b5570e9327bd) Importer(815301076,1909f56bfc062723c751e8b465ee728b)  -> (artifact id: '04664deac066fff94e45167d9f36cefc') in 0.019120 seconds 
========================================================================
Received Import Request.
  Time since last request: 0.290820 seconds.
  path: Assets/Plugins
  artifactKey: Guid(0959558e68ec446f99b98930beaf8319) Importer(815301076,1909f56bfc062723c751e8b465ee728b)
Start importing Assets/Plugins using Guid(0959558e68ec446f99b98930beaf8319) Importer(815301076,1909f56bfc062723c751e8b465ee728b)  -> (artifact id: '7d46238d67fb364232f56e47afa39570') in 0.008984 seconds 
========================================================================
Received Import Request.
  Time since last request: 3.107039 seconds.
  path: Assets/Textures
  artifactKey: Guid(e5ba68da87043474dad0fd134f91de82) Importer(815301076,1909f56bfc062723c751e8b465ee728b)
Start importing Assets/Textures using Guid(e5ba68da87043474dad0fd134f91de82) Importer(815301076,1909f56bfc062723c751e8b465ee728b)  -> (artifact id: '06bda5af6f63c70ae88039498cf8930d') in 0.009479 seconds 
========================================================================
Received Import Request.
  Time since last request: 1.862165 seconds.
  path: Assets/Settings
  artifactKey: Guid(0735c275001a2c84dafdb30deced5d8d) Importer(815301076,1909f56bfc062723c751e8b465ee728b)
Start importing Assets/Settings using Guid(0735c275001a2c84dafdb30deced5d8d) Importer(815301076,1909f56bfc062723c751e8b465ee728b)  -> (artifact id: '3571677c4b3339ab56b48ecae5562dee') in 0.012511 seconds 
========================================================================
Received Import Request.
  Time since last request: 0.975328 seconds.
  path: Assets/Sprites
  artifactKey: Guid(bc5c4dc0d647f8c4d8fb655268c49cb7) Importer(815301076,1909f56bfc062723c751e8b465ee728b)
Start importing Assets/Sprites using Guid(bc5c4dc0d647f8c4d8fb655268c49cb7) Importer(815301076,1909f56bfc062723c751e8b465ee728b)  -> (artifact id: 'a9afd073c42a196c32d5f2b9a1136fcf') in 0.008930 seconds 
========================================================================
Received Import Request.
  Time since last request: 0.868753 seconds.
  path: Assets/Sprites/Win
  artifactKey: Guid(d2ea32f223843fc4eb82dfc5d5883788) Importer(815301076,1909f56bfc062723c751e8b465ee728b)
Start importing Assets/Sprites/Win using Guid(d2ea32f223843fc4eb82dfc5d5883788) Importer(815301076,1909f56bfc062723c751e8b465ee728b)  -> (artifact id: 'ad356004635c132b9d4f70e6acf20cd0') in 0.008299 seconds 
========================================================================
Received Import Request.
  Time since last request: 1.566584 seconds.
  path: Assets/Sprites/Lose
  artifactKey: Guid(be2172885385c4a488e882291627c8a3) Importer(815301076,1909f56bfc062723c751e8b465ee728b)
Start importing Assets/Sprites/Lose using Guid(be2172885385c4a488e882291627c8a3) Importer(815301076,1909f56bfc062723c751e8b465ee728b)  -> (artifact id: '70d42a0ee71ff6dc6a314b6315b6b706') in 0.009203 seconds 
========================================================================
Received Import Request.
  Time since last request: 1.230002 seconds.
  path: Assets/Sprites/Buttons
  artifactKey: Guid(0f828dfbe277f084fabfa0758f796103) Importer(815301076,1909f56bfc062723c751e8b465ee728b)
Start importing Assets/Sprites/Buttons using Guid(0f828dfbe277f084fabfa0758f796103) Importer(815301076,1909f56bfc062723c751e8b465ee728b)  -> (artifact id: 'eb4c6c58f5f5307b8c7094263a3f3443') in 0.012085 seconds 
========================================================================
Received Import Request.
  Time since last request: 1.685172 seconds.
  path: Assets/Sprites/Backgrounds
  artifactKey: Guid(e5dbed503ea7efa4fb11ee867930761f) Importer(815301076,1909f56bfc062723c751e8b465ee728b)
Start importing Assets/Sprites/Backgrounds using Guid(e5dbed503ea7efa4fb11ee867930761f) Importer(815301076,1909f56bfc062723c751e8b465ee728b)  -> (artifact id: '9c0401344030b663c7570b02f02f91a0') in 0.008745 seconds 
========================================================================
Received Import Request.
  Time since last request: 254.323172 seconds.
  path: Assets/Prefabs
  artifactKey: Guid(2d6ff4a3527d48642b27ef0e14a6b0e0) Importer(815301076,1909f56bfc062723c751e8b465ee728b)
Start importing Assets/Prefabs using Guid(2d6ff4a3527d48642b27ef0e14a6b0e0) Importer(815301076,1909f56bfc062723c751e8b465ee728b)  -> (artifact id: '0e24081a626e15de24bc0f3d93fbb932') in 0.016201 seconds 
========================================================================
Received Import Request.
  Time since last request: 55.476523 seconds.
  path: Assets/Textures/Confetti.png
  artifactKey: Guid(6530adde384de824ebfaf0b5e48610ec) Importer(-1,00000000000000000000000000000000)
Start importing Assets/Textures/Confetti.png using Guid(6530adde384de824ebfaf0b5e48610ec) Importer(-1,00000000000000000000000000000000)  -> (artifact id: 'dccf4af076004328e961f6bbd00b1065') in 0.056798 seconds 
========================================================================
Received Import Request.
  Time since last request: 2.703667 seconds.
  path: Assets/Textures/Confetti.png
  artifactKey: Guid(6530adde384de824ebfaf0b5e48610ec) Importer(815301076,1909f56bfc062723c751e8b465ee728b)
Start importing Assets/Textures/Confetti.png using Guid(6530adde384de824ebfaf0b5e48610ec) Importer(815301076,1909f56bfc062723c751e8b465ee728b)  -> (artifact id: 'eab56cbca68d8d7349ffd104204d8d84') in 0.172009 seconds 
========================================================================
Received Import Request.
  Time since last request: 19.793315 seconds.
  path: Assets/Textures/Confetti.png
  artifactKey: Guid(6530adde384de824ebfaf0b5e48610ec) Importer(-1,00000000000000000000000000000000)
Start importing Assets/Textures/Confetti.png using Guid(6530adde384de824ebfaf0b5e48610ec) Importer(-1,00000000000000000000000000000000)  -> (artifact id: '315c449c5b29e713bccca6cd9d0b1a68') in 0.011602 seconds 
========================================================================
Received Import Request.
  Time since last request: 0.089542 seconds.
  path: Assets/Textures/Confetti.png
  artifactKey: Guid(6530adde384de824ebfaf0b5e48610ec) Importer(815301076,1909f56bfc062723c751e8b465ee728b)
Start importing Assets/Textures/Confetti.png using Guid(6530adde384de824ebfaf0b5e48610ec) Importer(815301076,1909f56bfc062723c751e8b465ee728b)  -> (artifact id: '14a67bc6395ce151543278e1fe8557a3') in 0.012372 seconds 
========================================================================
Received Import Request.
  Time since last request: 241.978103 seconds.
  path: Assets/TextMesh Pro/Sprites/EmojiOne.png
  artifactKey: Guid(dffef66376be4fa480fb02b19edbe903) Importer(-1,00000000000000000000000000000000)
Start importing Assets/TextMesh Pro/Sprites/EmojiOne.png using Guid(dffef66376be4fa480fb02b19edbe903) Importer(-1,00000000000000000000000000000000)  -> (artifact id: 'dc11f8de6e2434ff3743b4abf34813ce') in 0.623273 seconds 
========================================================================
Received Import Request.
  Time since last request: 80.729193 seconds.
  path: Assets/Fonts/LilitaOne-Regular Outline_Extended ASCII_72 SDF 1.asset
  artifactKey: Guid(306e2ef307ecd458597201de05dc34e4) Importer(815301076,1909f56bfc062723c751e8b465ee728b)
Start importing Assets/Fonts/LilitaOne-Regular Outline_Extended ASCII_72 SDF 1.asset using Guid(306e2ef307ecd458597201de05dc34e4) Importer(815301076,1909f56bfc062723c751e8b465ee728b) Attempting to get Camera relative temporary RenderTexture (width || height <= 0) via a CommandBuffer  in a Sriptable Render Pipeline.
UnityEngine.StackTraceUtility:ExtractStackTrace ()
UnityEngine.Rendering.ScriptableRenderContext:ExecuteCommandBuffer_Internal (UnityEngine.Rendering.CommandBuffer)
UnityEngine.Rendering.ScriptableRenderContext:ExecuteCommandBuffer (UnityEngine.Rendering.CommandBuffer)
UnityEngine.Rendering.Universal.Internal.CopyColorPass:Execute (UnityEngine.Rendering.ScriptableRenderContext,UnityEngine.Rendering.Universal.RenderingData&) (at Library/PackageCache/com.unity.render-pipelines.universal@12.1.6/Runtime/Passes/CopyColorPass.cs:111)
UnityEngine.Rendering.Universal.ScriptableRenderer:ExecuteRenderPass (UnityEngine.Rendering.ScriptableRenderContext,UnityEngine.Rendering.Universal.ScriptableRenderPass,UnityEngine.Rendering.Universal.RenderingData&) (at Library/PackageCache/com.unity.render-pipelines.universal@12.1.6/Runtime/ScriptableRenderer.cs:981)
UnityEngine.Rendering.Universal.ScriptableRenderer:ExecuteBlock (int,UnityEngine.Rendering.Universal.ScriptableRenderer/RenderBlocks&,UnityEngine.Rendering.ScriptableRenderContext,UnityEngine.Rendering.Universal.RenderingData&,bool) (at Library/PackageCache/com.unity.render-pipelines.universal@12.1.6/Runtime/ScriptableRenderer.cs:940)
UnityEngine.Rendering.Universal.ScriptableRenderer:Execute (UnityEngine.Rendering.ScriptableRenderContext,UnityEngine.Rendering.Universal.RenderingData&) (at Library/PackageCache/com.unity.render-pipelines.universal@12.1.6/Runtime/ScriptableRenderer.cs:736)
UnityEngine.Rendering.Universal.UniversalRenderPipeline:RenderSingleCamera (UnityEngine.Rendering.ScriptableRenderContext,UnityEngine.Rendering.Universal.CameraData,bool) (at Library/PackageCache/com.unity.render-pipelines.universal@12.1.6/Runtime/UniversalRenderPipeline.cs:415)
UnityEngine.Rendering.Universal.UniversalRenderPipeline:RenderSingleCamera (UnityEngine.Rendering.ScriptableRenderContext,UnityEngine.Camera) (at Library/PackageCache/com.unity.render-pipelines.universal@12.1.6/Runtime/UniversalRenderPipeline.cs:324)
UnityEngine.Rendering.Universal.UniversalRenderPipeline:Render (UnityEngine.Rendering.ScriptableRenderContext,System.Collections.Generic.List`1<UnityEngine.Camera>) (at Library/PackageCache/com.unity.render-pipelines.universal@12.1.6/Runtime/UniversalRenderPipeline.cs:279)
UnityEngine.Rendering.RenderPipeline:InternalRender (UnityEngine.Rendering.ScriptableRenderContext,System.Collections.Generic.List`1<UnityEngine.Camera>)
UnityEngine.Rendering.RenderPipelineManager:DoRenderLoop_Internal (UnityEngine.Rendering.RenderPipelineAsset,intptr,System.Collections.Generic.List`1<UnityEngine.Camera/RenderRequest>,Unity.Collections.LowLevel.Unsafe.AtomicSafetyHandle)
UnityEditor.PreviewRenderUtility:Render (bool,bool)
UnityEditor.MaterialEditor:DoRenderPreview (UnityEditor.PreviewRenderUtility,bool)
UnityEditor.MaterialEditor:RenderStaticPreview (string,UnityEngine.Object[],int,int)
UnityEditor.AssetPreviewUpdater:CreatePreview (UnityEngine.Object,UnityEngine.Object[],string,int,int)
UnityEditor.AssetPreviewUpdater:CreatePreviewForAsset (UnityEngine.Object,UnityEngine.Object[],string)

[ line 0]

Trying to get RenderBuffer with invalid antiAliasing (must be at least 1)
UnityEngine.StackTraceUtility:ExtractStackTrace ()
UnityEngine.Rendering.ScriptableRenderContext:Submit_Internal ()
UnityEngine.Rendering.ScriptableRenderContext:Submit ()
UnityEngine.Rendering.Universal.UniversalRenderPipeline:RenderSingleCamera (UnityEngine.Rendering.ScriptableRenderContext,UnityEngine.Rendering.Universal.CameraData,bool) (at Library/PackageCache/com.unity.render-pipelines.universal@12.1.6/Runtime/UniversalRenderPipeline.cs:431)
UnityEngine.Rendering.Universal.UniversalRenderPipeline:RenderSingleCamera (UnityEngine.Rendering.ScriptableRenderContext,UnityEngine.Camera) (at Library/PackageCache/com.unity.render-pipelines.universal@12.1.6/Runtime/UniversalRenderPipeline.cs:324)
UnityEngine.Rendering.Universal.UniversalRenderPipeline:Render (UnityEngine.Rendering.ScriptableRenderContext,System.Collections.Generic.List`1<UnityEngine.Camera>) (at Library/PackageCache/com.unity.render-pipelines.universal@12.1.6/Runtime/UniversalRenderPipeline.cs:279)
UnityEngine.Rendering.RenderPipeline:InternalRender (UnityEngine.Rendering.ScriptableRenderContext,System.Collections.Generic.List`1<UnityEngine.Camera>)
UnityEngine.Rendering.RenderPipelineManager:DoRenderLoop_Internal (UnityEngine.Rendering.RenderPipelineAsset,intptr,System.Collections.Generic.List`1<UnityEngine.Camera/RenderRequest>,Unity.Collections.LowLevel.Unsafe.AtomicSafetyHandle)
UnityEditor.PreviewRenderUtility:Render (bool,bool)
UnityEditor.MaterialEditor:DoRenderPreview (UnityEditor.PreviewRenderUtility,bool)
UnityEditor.MaterialEditor:RenderStaticPreview (string,UnityEngine.Object[],int,int)
UnityEditor.AssetPreviewUpdater:CreatePreview (UnityEngine.Object,UnityEngine.Object[],string,int,int)
UnityEditor.AssetPreviewUpdater:CreatePreviewForAsset (UnityEngine.Object,UnityEngine.Object[],string)

[C:\buildslave\unity\build\Runtime\Graphics\RenderBufferManager.cpp line 180]

Trying to get RenderBuffer with invalid antiAliasing (must be at least 1)
UnityEngine.StackTraceUtility:ExtractStackTrace ()
UnityEngine.Rendering.ScriptableRenderContext:Submit_Internal ()
UnityEngine.Rendering.ScriptableRenderContext:Submit ()
UnityEngine.Rendering.Universal.UniversalRenderPipeline:RenderSingleCamera (UnityEngine.Rendering.ScriptableRenderContext,UnityEngine.Rendering.Universal.CameraData,bool) (at Library/PackageCache/com.unity.render-pipelines.universal@12.1.6/Runtime/UniversalRenderPipeline.cs:431)
UnityEngine.Rendering.Universal.UniversalRenderPipeline:RenderSingleCamera (UnityEngine.Rendering.ScriptableRenderContext,UnityEngine.Camera) (at Library/PackageCache/com.unity.render-pipelines.universal@12.1.6/Runtime/UniversalRenderPipeline.cs:324)
UnityEngine.Rendering.Universal.UniversalRenderPipeline:Render (UnityEngine.Rendering.ScriptableRenderContext,System.Collections.Generic.List`1<UnityEngine.Camera>) (at Library/PackageCache/com.unity.render-pipelines.universal@12.1.6/Runtime/UniversalRenderPipeline.cs:279)
UnityEngine.Rendering.RenderPipeline:InternalRender (UnityEngine.Rendering.ScriptableRenderContext,System.Collections.Generic.List`1<UnityEngine.Camera>)
UnityEngine.Rendering.RenderPipelineManager:DoRenderLoop_Internal (UnityEngine.Rendering.RenderPipelineAsset,intptr,System.Collections.Generic.List`1<UnityEngine.Camera/RenderRequest>,Unity.Collections.LowLevel.Unsafe.AtomicSafetyHandle)
UnityEditor.PreviewRenderUtility:Render (bool,bool)
UnityEditor.MaterialEditor:DoRenderPreview (UnityEditor.PreviewRenderUtility,bool)
UnityEditor.MaterialEditor:RenderStaticPreview (string,UnityEngine.Object[],int,int)
UnityEditor.AssetPreviewUpdater:CreatePreview (UnityEngine.Object,UnityEngine.Object[],string,int,int)
UnityEditor.AssetPreviewUpdater:CreatePreviewForAsset (UnityEngine.Object,UnityEngine.Object[],string)

[C:\buildslave\unity\build\Runtime\Graphics\RenderBufferManager.cpp line 180]

 -> (artifact id: '286ab252fa9b3954ec6446b8f72f3fef') in 0.438841 seconds 
========================================================================
Received Import Request.
  Time since last request: 4.666483 seconds.
  path: Assets/Fonts/LilitaOne-Regular Outline_Extended ASCII_72 SDF.asset
  artifactKey: Guid(306e2ef307ecd458597201de05dc34e4) Importer(815301076,1909f56bfc062723c751e8b465ee728b)
Start importing Assets/Fonts/LilitaOne-Regular Outline_Extended ASCII_72 SDF.asset using Guid(306e2ef307ecd458597201de05dc34e4) Importer(815301076,1909f56bfc062723c751e8b465ee728b)  -> (artifact id: '366c987cbc2672de4970a4716dd5c492') in 0.088211 seconds 
========================================================================
Received Import Request.
  Time since last request: 370.691477 seconds.
  path: Assets/Sprites/restart 2.png
  artifactKey: Guid(0b5725eaecd220c4fb227a5555823166) Importer(-1,00000000000000000000000000000000)
Start importing Assets/Sprites/restart 2.png using Guid(0b5725eaecd220c4fb227a5555823166) Importer(-1,00000000000000000000000000000000)  -> (artifact id: 'a04863caaffb6e550e6db81bcf3e431f') in 0.038104 seconds 
========================================================================
Received Import Request.
  Time since last request: 1.162401 seconds.
  path: Assets/Sprites/restart 2.png
  artifactKey: Guid(0b5725eaecd220c4fb227a5555823166) Importer(815301076,1909f56bfc062723c751e8b465ee728b)
Start importing Assets/Sprites/restart 2.png using Guid(0b5725eaecd220c4fb227a5555823166) Importer(815301076,1909f56bfc062723c751e8b465ee728b)  -> (artifact id: '0121019d85e2f4feb7e6987fb2db4392') in 0.031615 seconds 
========================================================================
Received Import Request.
  Time since last request: 2.952650 seconds.
  path: Assets/Sprites/restart 2.png
  artifactKey: Guid(0b5725eaecd220c4fb227a5555823166) Importer(-1,00000000000000000000000000000000)
Start importing Assets/Sprites/restart 2.png using Guid(0b5725eaecd220c4fb227a5555823166) Importer(-1,00000000000000000000000000000000)  -> (artifact id: '0b72aae56397f936d435f19b1ef13993') in 0.031315 seconds 
========================================================================
Received Import Request.
  Time since last request: 0.036209 seconds.
  path: Assets/Sprites/restart 2.png
  artifactKey: Guid(0b5725eaecd220c4fb227a5555823166) Importer(815301076,1909f56bfc062723c751e8b465ee728b)
Start importing Assets/Sprites/restart 2.png using Guid(0b5725eaecd220c4fb227a5555823166) Importer(815301076,1909f56bfc062723c751e8b465ee728b)  -> (artifact id: 'f2dca56640d79c00578b49d2be31de34') in 0.053958 seconds 
========================================================================
Received Import Request.
  Time since last request: 614.784528 seconds.
  path: Assets/Scripts/AudioManager.cs
  artifactKey: Guid(0f3cca6265198a34b815051998e7f4db) Importer(815301076,1909f56bfc062723c751e8b465ee728b)
Start importing Assets/Scripts/AudioManager.cs using Guid(0f3cca6265198a34b815051998e7f4db) Importer(815301076,1909f56bfc062723c751e8b465ee728b)  -> (artifact id: '7a13dc333cd883ae4e458ae62627a49f') in 0.015874 seconds 
========================================================================
Received Prepare
Registering precompiled user dll's ...
Registered in 0.013952 seconds.
Begin MonoManager ReloadAssembly
Symbol file LoadedFromMemory doesn't match image C:\Users\Mouaad\Desktop\Unity\Unity Starter\Library\PackageCache\com.unity.visualscripting@1.7.7\Editor\VisualScripting.Core\Dependencies\YamlDotNet\Unity.VisualScripting.YamlDotNet.dll
Symbol file LoadedFromMemory is not a mono symbol file
Symbol file LoadedFromMemory doesn't match image C:\Users\Mouaad\Desktop\Unity\Unity Starter\Library\PackageCache\com.unity.visualscripting@1.7.7\Editor\VisualScripting.Core\Dependencies\DotNetZip\Unity.VisualScripting.IonicZip.dll
Native extension for WindowsStandalone target not found
Native extension for Android target not found
Refreshing native plugins compatible for Editor in 2.17 ms, found 6 plugins.
Preloading 0 native plugins for Editor in 0.00 ms.
Mono: successfully reloaded assembly
- Completed reload, in  2.613 seconds
Domain Reload Profiling:
	ReloadAssembly (2614ms)
		BeginReloadAssembly (248ms)
			ExecutionOrderSort (0ms)
			DisableScriptedObjects (18ms)
			BackupInstance (0ms)
			ReleaseScriptingObjects (0ms)
			CreateAndSetChildDomain (81ms)
		EndReloadAssembly (2205ms)
			LoadAssemblies (198ms)
			RebuildTransferFunctionScriptingTraits (0ms)
			SetupTypeCache (817ms)
			ReleaseScriptCaches (3ms)
			RebuildScriptCaches (85ms)
			SetupLoadedEditorAssemblies (939ms)
				LogAssemblyErrors (0ms)
				InitializePlatformSupportModulesInManaged (34ms)
				SetLoadedEditorAssemblies (1ms)
				RefreshPlugins (2ms)
				BeforeProcessingInitializeOnLoad (166ms)
				ProcessInitializeOnLoadAttributes (568ms)
				ProcessInitializeOnLoadMethodAttributes (161ms)
				AfterProcessingInitializeOnLoad (7ms)
				EditorAssembliesLoaded (0ms)
			ExecutionOrderSort2 (0ms)
			AwakeInstancesAfterBackupRestoration (30ms)
Platform modules already initialized, skipping
Refreshing native plugins compatible for Editor in 7.38 ms, found 6 plugins.
Preloading 0 native plugins for Editor in 0.00 ms.
Unloading 5417 Unused Serialized files (Serialized files now loaded: 0)
Unloading 61 unused Assets / (1.6 MB). Loaded Objects now: 6078.
Memory consumption went from 216.1 MB to 214.5 MB.
Total: 10.580000 ms (FindLiveObjects: 1.250000 ms CreateObjectMapping: 1.465300 ms MarkObjects: 6.887700 ms  DeleteObjects: 0.974000 ms)

AssetImportParameters requested are different than current active one (requested -> active):
  custom:video-decoder-ogg-theora: a1e56fd34408186e4bbccfd4996cb3dc -> 
  custom:container-muxer-webm: aa71ff27fc2769a1b78a27578f13a17b -> 
  custom:container-demuxer-webm: 4f35f7cbe854078d1ac9338744f61a02 -> 
  custom:video-encoder-webm-vp8: eb34c28f22e8b96e1ab97ce403110664 -> 
  custom:audio-encoder-webm-vorbis: bf7c407c2cedff20999df2af8eb42d56 -> 
  custom:framework-win-MediaFoundation: 216162199b28c13a410421893ffa2e32 -> 
  custom:container-demuxer-ogg: 62fdf1f143b41e24485cea50d1cbac27 -> 
  custom:video-decoder-webm-vp8: 9c59270c3fd7afecdb556c50c9e8de78 -> 
  custom:audio-decoder-ogg-vorbis: bf7c407c2cedff20999df2af8eb42d56 -> 
========================================================================
Received Import Request.
  Time since last request: 21.166748 seconds.
  path: Assets/Scripts/GameController.cs
  artifactKey: Guid(8ea3c504ce7f78e4bb6731959b813fa3) Importer(815301076,1909f56bfc062723c751e8b465ee728b)
Start importing Assets/Scripts/GameController.cs using Guid(8ea3c504ce7f78e4bb6731959b813fa3) Importer(815301076,1909f56bfc062723c751e8b465ee728b)  -> (artifact id: 'e9a8b841f95b4e6edecbeb2ca3c7f41a') in 0.025396 seconds 
========================================================================
Received Prepare
Registering precompiled user dll's ...
Registered in 0.029787 seconds.
Begin MonoManager ReloadAssembly
Symbol file LoadedFromMemory doesn't match image C:\Users\Mouaad\Desktop\Unity\Unity Starter\Library\PackageCache\com.unity.visualscripting@1.7.7\Editor\VisualScripting.Core\Dependencies\YamlDotNet\Unity.VisualScripting.YamlDotNet.dll
Symbol file LoadedFromMemory is not a mono symbol file
Symbol file LoadedFromMemory doesn't match image C:\Users\Mouaad\Desktop\Unity\Unity Starter\Library\PackageCache\com.unity.visualscripting@1.7.7\Editor\VisualScripting.Core\Dependencies\DotNetZip\Unity.VisualScripting.IonicZip.dll
Native extension for WindowsStandalone target not found
Native extension for Android target not found
Refreshing native plugins compatible for Editor in 1.93 ms, found 6 plugins.
Preloading 0 native plugins for Editor in 0.00 ms.
Mono: successfully reloaded assembly
- Completed reload, in  2.289 seconds
Domain Reload Profiling:
	ReloadAssembly (2290ms)
		BeginReloadAssembly (260ms)
			ExecutionOrderSort (0ms)
			DisableScriptedObjects (17ms)
			BackupInstance (0ms)
			ReleaseScriptingObjects (0ms)
			CreateAndSetChildDomain (87ms)
		EndReloadAssembly (1827ms)
			LoadAssemblies (189ms)
			RebuildTransferFunctionScriptingTraits (0ms)
			SetupTypeCache (671ms)
			ReleaseScriptCaches (3ms)
			RebuildScriptCaches (77ms)
			SetupLoadedEditorAssemblies (795ms)
				LogAssemblyErrors (0ms)
				InitializePlatformSupportModulesInManaged (35ms)
				SetLoadedEditorAssemblies (1ms)
				RefreshPlugins (2ms)
				BeforeProcessingInitializeOnLoad (211ms)
				ProcessInitializeOnLoadAttributes (399ms)
				ProcessInitializeOnLoadMethodAttributes (141ms)
				AfterProcessingInitializeOnLoad (6ms)
				EditorAssembliesLoaded (0ms)
			ExecutionOrderSort2 (0ms)
			AwakeInstancesAfterBackupRestoration (21ms)
Platform modules already initialized, skipping
Refreshing native plugins compatible for Editor in 6.80 ms, found 6 plugins.
Preloading 0 native plugins for Editor in 0.00 ms.
Unloading 5417 Unused Serialized files (Serialized files now loaded: 0)
Unloading 61 unused Assets / (1.6 MB). Loaded Objects now: 6081.
Memory consumption went from 216.1 MB to 214.6 MB.
Total: 13.482500 ms (FindLiveObjects: 0.770100 ms CreateObjectMapping: 0.949300 ms MarkObjects: 9.812500 ms  DeleteObjects: 1.937900 ms)

AssetImportParameters requested are different than current active one (requested -> active):
  custom:video-decoder-ogg-theora: a1e56fd34408186e4bbccfd4996cb3dc -> 
  custom:container-muxer-webm: aa71ff27fc2769a1b78a27578f13a17b -> 
  custom:container-demuxer-webm: 4f35f7cbe854078d1ac9338744f61a02 -> 
  custom:video-encoder-webm-vp8: eb34c28f22e8b96e1ab97ce403110664 -> 
  custom:audio-encoder-webm-vorbis: bf7c407c2cedff20999df2af8eb42d56 -> 
  custom:framework-win-MediaFoundation: 216162199b28c13a410421893ffa2e32 -> 
  custom:container-demuxer-ogg: 62fdf1f143b41e24485cea50d1cbac27 -> 
  custom:video-decoder-webm-vp8: 9c59270c3fd7afecdb556c50c9e8de78 -> 
  custom:audio-decoder-ogg-vorbis: bf7c407c2cedff20999df2af8eb42d56 -> 
========================================================================
Received Prepare
Registering precompiled user dll's ...
Registered in 0.023968 seconds.
Begin MonoManager ReloadAssembly
Symbol file LoadedFromMemory doesn't match image C:\Users\Mouaad\Desktop\Unity\Unity Starter\Library\PackageCache\com.unity.visualscripting@1.7.7\Editor\VisualScripting.Core\Dependencies\YamlDotNet\Unity.VisualScripting.YamlDotNet.dll
Symbol file LoadedFromMemory is not a mono symbol file
Symbol file LoadedFromMemory doesn't match image C:\Users\Mouaad\Desktop\Unity\Unity Starter\Library\PackageCache\com.unity.visualscripting@1.7.7\Editor\VisualScripting.Core\Dependencies\DotNetZip\Unity.VisualScripting.IonicZip.dll
Native extension for WindowsStandalone target not found
Native extension for Android target not found
Refreshing native plugins compatible for Editor in 2.47 ms, found 6 plugins.
Preloading 0 native plugins for Editor in 0.00 ms.
[ScriptCompilation] NOT recompiling all scripts because this is an import worker process. Reason to compile was: Define symbols changed
Mono: successfully reloaded assembly
- Completed reload, in  2.127 seconds
Domain Reload Profiling:
	ReloadAssembly (2128ms)
		BeginReloadAssembly (248ms)
			ExecutionOrderSort (0ms)
			DisableScriptedObjects (15ms)
			BackupInstance (0ms)
			ReleaseScriptingObjects (0ms)
			CreateAndSetChildDomain (85ms)
		EndReloadAssembly (1681ms)
			LoadAssemblies (183ms)
			RebuildTransferFunctionScriptingTraits (0ms)
			SetupTypeCache (535ms)
			ReleaseScriptCaches (3ms)
			RebuildScriptCaches (94ms)
			SetupLoadedEditorAssemblies (737ms)
				LogAssemblyErrors (0ms)
				InitializePlatformSupportModulesInManaged (35ms)
				SetLoadedEditorAssemblies (1ms)
				RefreshPlugins (3ms)
				BeforeProcessingInitializeOnLoad (152ms)
				ProcessInitializeOnLoadAttributes (401ms)
				ProcessInitializeOnLoadMethodAttributes (139ms)
				AfterProcessingInitializeOnLoad (6ms)
				EditorAssembliesLoaded (0ms)
			ExecutionOrderSort2 (0ms)
			AwakeInstancesAfterBackupRestoration (20ms)
Platform modules already initialized, skipping
Refreshing native plugins compatible for Editor in 5.91 ms, found 6 plugins.
Preloading 0 native plugins for Editor in 0.00 ms.
Unloading 5470 Unused Serialized files (Serialized files now loaded: 0)
Unloading 66 unused Assets / (1.6 MB). Loaded Objects now: 6132.
Memory consumption went from 217.6 MB to 216.0 MB.
Total: 9.072100 ms (FindLiveObjects: 1.206400 ms CreateObjectMapping: 1.108100 ms MarkObjects: 5.361500 ms  DeleteObjects: 1.394000 ms)

AssetImportParameters requested are different than current active one (requested -> active):
  custom:video-decoder-ogg-theora: a1e56fd34408186e4bbccfd4996cb3dc -> 
  custom:container-muxer-webm: aa71ff27fc2769a1b78a27578f13a17b -> 
  custom:container-demuxer-webm: 4f35f7cbe854078d1ac9338744f61a02 -> 
  custom:video-encoder-webm-vp8: eb34c28f22e8b96e1ab97ce403110664 -> 
  custom:audio-encoder-webm-vorbis: bf7c407c2cedff20999df2af8eb42d56 -> 
  custom:framework-win-MediaFoundation: 216162199b28c13a410421893ffa2e32 -> 
  custom:container-demuxer-ogg: 62fdf1f143b41e24485cea50d1cbac27 -> 
  custom:video-decoder-webm-vp8: 9c59270c3fd7afecdb556c50c9e8de78 -> 
  custom:audio-decoder-ogg-vorbis: bf7c407c2cedff20999df2af8eb42d56 -> 
========================================================================
Received Import Request.
  Time since last request: 1048.278077 seconds.
  path: Assets/NiceVibrations/Demos/DemoAssets/RegularPresetsDemo/Sprites/RegularPresetsIcons.png
  artifactKey: Guid(fe42c8b526e77e54ab91d0590272d9e8) Importer(-1,00000000000000000000000000000000)
Start importing Assets/NiceVibrations/Demos/DemoAssets/RegularPresetsDemo/Sprites/RegularPresetsIcons.png using Guid(fe42c8b526e77e54ab91d0590272d9e8) Importer(-1,00000000000000000000000000000000)  -> (artifact id: '3c4d868320eed4baa0c61283f6ce5e65') in 0.444831 seconds 
========================================================================
Received Import Request.
  Time since last request: 0.000072 seconds.
  path: Assets/NiceVibrations/Demos/_OLD/v1Demo/Sprites/icon-nice-vibrations.png
  artifactKey: Guid(39eb8e0b300976e438ed4122994ed6e8) Importer(-1,00000000000000000000000000000000)
Start importing Assets/NiceVibrations/Demos/_OLD/v1Demo/Sprites/icon-nice-vibrations.png using Guid(39eb8e0b300976e438ed4122994ed6e8) Importer(-1,00000000000000000000000000000000)  -> (artifact id: 'b6ceba0e6e29d6a99262af7d0f8c8f6f') in 0.094501 seconds 
========================================================================
Received Import Request.
  Time since last request: 0.000067 seconds.
  path: Assets/NiceVibrations/Demos/_Common/Sprites/NVLogoNice.png
  artifactKey: Guid(4c8fd0c851c8cbc4bb6dc9453b9ae786) Importer(-1,00000000000000000000000000000000)
Start importing Assets/NiceVibrations/Demos/_Common/Sprites/NVLogoNice.png using Guid(4c8fd0c851c8cbc4bb6dc9453b9ae786) Importer(-1,00000000000000000000000000000000)  -> (artifact id: 'd2e98ff1848980d82b842b6546e43cc2') in 0.051286 seconds 
========================================================================
Received Import Request.
  Time since last request: 0.000036 seconds.
  path: Assets/NiceVibrations/Demos/_OLD/v1Demo/Sprites/RoundedCorners10Stroke5.png
  artifactKey: Guid(e36326d5becb67447b0d46bb03a3b8f5) Importer(-1,00000000000000000000000000000000)
Start importing Assets/NiceVibrations/Demos/_OLD/v1Demo/Sprites/RoundedCorners10Stroke5.png using Guid(e36326d5becb67447b0d46bb03a3b8f5) Importer(-1,00000000000000000000000000000000)  -> (artifact id: '5e2315a0c536014499faa9f1b55fe57e') in 0.032404 seconds 
========================================================================
Received Import Request.
  Time since last request: 0.000141 seconds.
  path: Assets/NiceVibrations/Demos/_Common/Sprites/NVArrow.png
  artifactKey: Guid(94f43f82d46dcdb4db47e75f6c65be01) Importer(-1,00000000000000000000000000000000)
Start importing Assets/NiceVibrations/Demos/_Common/Sprites/NVArrow.png using Guid(94f43f82d46dcdb4db47e75f6c65be01) Importer(-1,00000000000000000000000000000000)  -> (artifact id: 'bacaef01f94aa08f89ec8e5e38da44b0') in 0.152939 seconds 
========================================================================
Received Import Request.
  Time since last request: 0.000108 seconds.
  path: Assets/NiceVibrations/Demos/_Common/Sprites/NVSwitchBackground.png
  artifactKey: Guid(3dd0295cf0922b64192d5ee88a250b4e) Importer(-1,00000000000000000000000000000000)
Start importing Assets/NiceVibrations/Demos/_Common/Sprites/NVSwitchBackground.png using Guid(3dd0295cf0922b64192d5ee88a250b4e) Importer(-1,00000000000000000000000000000000)  -> (artifact id: 'f50c1ef195a9ecb3f1b62b3f34d7db95') in 0.042055 seconds 
========================================================================
Received Import Request.
  Time since last request: 0.000072 seconds.
  path: Assets/NiceVibrations/Demos/_OLD/v1Demo/Sprites/NiceVibrationsLogo.png
  artifactKey: Guid(fd3f91061e1f3a14596fb1ff6fb30623) Importer(-1,00000000000000000000000000000000)
Start importing Assets/NiceVibrations/Demos/_OLD/v1Demo/Sprites/NiceVibrationsLogo.png using Guid(fd3f91061e1f3a14596fb1ff6fb30623) Importer(-1,00000000000000000000000000000000)  -> (artifact id: 'eb62990dd3d84f6047805b0e1f0a0e43') in 0.197394 seconds 
========================================================================
Received Import Request.
  Time since last request: 0.000267 seconds.
  path: Assets/NiceVibrations/Demos/_Common/Sprites/NV3Dots.png
  artifactKey: Guid(ae832dcdd98f8f44f979034fbe2b302e) Importer(-1,00000000000000000000000000000000)
Start importing Assets/NiceVibrations/Demos/_Common/Sprites/NV3Dots.png using Guid(ae832dcdd98f8f44f979034fbe2b302e) Importer(-1,00000000000000000000000000000000)  -> (artifact id: 'dc20237e35d5351a05a5cfa9037c608d') in 0.056735 seconds 
========================================================================
Received Import Request.
  Time since last request: 0.007850 seconds.
  path: Assets/NiceVibrations/Demos/_Common/Sprites/NV1x1White.png
  artifactKey: Guid(0997c47bcd1429d42abe9c77bb947b44) Importer(-1,00000000000000000000000000000000)
Start importing Assets/NiceVibrations/Demos/_Common/Sprites/NV1x1White.png using Guid(0997c47bcd1429d42abe9c77bb947b44) Importer(-1,00000000000000000000000000000000)  -> (artifact id: '2ce370be4b57b4b78912e0e11b65af23') in 0.055471 seconds 
========================================================================
Received Import Request.
  Time since last request: 0.000060 seconds.
  path: Assets/NiceVibrations/Demos/_Common/Sprites/NVLogoVibrations.png
  artifactKey: Guid(ef74e6b52dfbf9a4cba77e1fde4584d4) Importer(-1,00000000000000000000000000000000)
Start importing Assets/NiceVibrations/Demos/_Common/Sprites/NVLogoVibrations.png using Guid(ef74e6b52dfbf9a4cba77e1fde4584d4) Importer(-1,00000000000000000000000000000000)  -> (artifact id: '5ade71ceeb4f971b2edb6372c0a90c70') in 0.111868 seconds 
========================================================================
Received Import Request.
  Time since last request: 0.000049 seconds.
  path: Assets/NiceVibrations/Demos/DemoAssets/CarDemo/Sprites/NVCarWheel.png
  artifactKey: Guid(e2611d2b291e3374a979553a9a11c752) Importer(-1,00000000000000000000000000000000)
Start importing Assets/NiceVibrations/Demos/DemoAssets/CarDemo/Sprites/NVCarWheel.png using Guid(e2611d2b291e3374a979553a9a11c752) Importer(-1,00000000000000000000000000000000)  -> (artifact id: '7ba8ebf0d2e64d91beef30ab8865b372') in 0.025996 seconds 
========================================================================
Received Import Request.
  Time since last request: 0.000055 seconds.
  path: Assets/NiceVibrations/Demos/_Common/Sprites/NVPaginationDot.png
  artifactKey: Guid(628a23d9e49377a4592b606b84550579) Importer(-1,00000000000000000000000000000000)
Start importing Assets/NiceVibrations/Demos/_Common/Sprites/NVPaginationDot.png using Guid(628a23d9e49377a4592b606b84550579) Importer(-1,00000000000000000000000000000000)  -> (artifact id: '234d387df631c70c9fd3060cca1db3c3') in 0.019582 seconds 
========================================================================
Received Import Request.
  Time since last request: 0.000045 seconds.
  path: Assets/NiceVibrations/Demos/DemoAssets/CarDemo/Sprites/NVCar.png
  artifactKey: Guid(4ca0dd4a0b132db4c9e5e7f164b7d2c7) Importer(-1,00000000000000000000000000000000)
Start importing Assets/NiceVibrations/Demos/DemoAssets/CarDemo/Sprites/NVCar.png using Guid(4ca0dd4a0b132db4c9e5e7f164b7d2c7) Importer(-1,00000000000000000000000000000000)  -> (artifact id: '1c22def1e5236bf29f643c3af656689c') in 0.064752 seconds 
========================================================================
Received Import Request.
  Time since last request: 0.000041 seconds.
  path: Assets/NiceVibrations/Demos/DemoAssets/BallDemo/Sprites/NVBallParticle.png
  artifactKey: Guid(bcd80bc4f60ab014a8a41c5078c40449) Importer(-1,00000000000000000000000000000000)
Start importing Assets/NiceVibrations/Demos/DemoAssets/BallDemo/Sprites/NVBallParticle.png using Guid(bcd80bc4f60ab014a8a41c5078c40449) Importer(-1,00000000000000000000000000000000)  -> (artifact id: '4833088863dcfe637350aa728ace8e5c') in 0.122187 seconds 
========================================================================
Received Import Request.
  Time since last request: 0.000313 seconds.
  path: Assets/NiceVibrations/Demos/_Common/Sprites/NVVerticalProgressBar.png
  artifactKey: Guid(1c1d29f153f98364ca23263a0c96c8a9) Importer(-1,00000000000000000000000000000000)
Start importing Assets/NiceVibrations/Demos/_Common/Sprites/NVVerticalProgressBar.png using Guid(1c1d29f153f98364ca23263a0c96c8a9) Importer(-1,00000000000000000000000000000000)  -> (artifact id: '2ce8a3ad1493fe4c2332916f931f2e6c') in 0.038755 seconds 
========================================================================
Received Import Request.
  Time since last request: 0.000045 seconds.
  path: Assets/NiceVibrations/Demos/_Common/Sprites/NVDottedPattern.png
  artifactKey: Guid(201a3f0fd44444e4da86b3ded7f4448f) Importer(-1,00000000000000000000000000000000)
Start importing Assets/NiceVibrations/Demos/_Common/Sprites/NVDottedPattern.png using Guid(201a3f0fd44444e4da86b3ded7f4448f) Importer(-1,00000000000000000000000000000000)  -> (artifact id: '81435d44eb76633c688ab1b02bcfd1d5') in 0.082636 seconds 
========================================================================
Received Import Request.
  Time since last request: 0.000073 seconds.
  path: Assets/NiceVibrations/Demos/_Common/Sprites/NVRoundedCorners.png
  artifactKey: Guid(a6ae458264a4a8e42a10f166c8becc96) Importer(-1,00000000000000000000000000000000)
Start importing Assets/NiceVibrations/Demos/_Common/Sprites/NVRoundedCorners.png using Guid(a6ae458264a4a8e42a10f166c8becc96) Importer(-1,00000000000000000000000000000000)  -> (artifact id: '1376b4aa99ecf5e958e13e6b82d2a5ec') in 0.028633 seconds 
========================================================================
Received Import Request.
  Time since last request: 0.000040 seconds.
  path: Assets/NiceVibrations/Demos/_Common/Sprites/NVRoundedCornersBig.png
  artifactKey: Guid(1a3d766705e8fce41bcaa2921051a083) Importer(-1,00000000000000000000000000000000)
Start importing Assets/NiceVibrations/Demos/_Common/Sprites/NVRoundedCornersBig.png using Guid(1a3d766705e8fce41bcaa2921051a083) Importer(-1,00000000000000000000000000000000)  -> (artifact id: 'fc6553e8e757a3a568049d1f4fa0223c') in 0.024522 seconds 
========================================================================
Received Import Request.
  Time since last request: 0.000058 seconds.
  path: Assets/NiceVibrations/Demos/DemoAssets/BallDemo/Sprites/NVBall.png
  artifactKey: Guid(f7876974a1b60ed4ca3dfd37f229386f) Importer(-1,00000000000000000000000000000000)
Start importing Assets/NiceVibrations/Demos/DemoAssets/BallDemo/Sprites/NVBall.png using Guid(f7876974a1b60ed4ca3dfd37f229386f) Importer(-1,00000000000000000000000000000000)  -> (artifact id: '1c7f383357b8959ef619b5d2542458c4') in 0.029068 seconds 
========================================================================
Received Import Request.
  Time since last request: 0.000089 seconds.
  path: Assets/NiceVibrations/Demos/_Common/Sprites/NVSwitchIndicator.png
  artifactKey: Guid(be6473d4dcaac484a90412f8114f307c) Importer(-1,00000000000000000000000000000000)
Start importing Assets/NiceVibrations/Demos/_Common/Sprites/NVSwitchIndicator.png using Guid(be6473d4dcaac484a90412f8114f307c) Importer(-1,00000000000000000000000000000000)  -> (artifact id: 'a710f7d5984ad3bfdd9a164a97c75197') in 0.028736 seconds 
Editor requested this worker to shutdown with reason: Scaling down because of idle timeout
AssetImportWorker is now disconnected from the server
Process exiting
Exiting without the bug reporter. Application will terminate with return code 0