Using pre-set license
Built from '2021.3/staging' branch; Version is '2021.3.0f1 (6eacc8284459) revision 7253192'; Using compiler version '192829333'; Build Type 'Release'
OS: 'Windows 11  (10.0.22000) 64bit Professional' Language: 'en' Physical Memory: 16235 MB
BatchMode: 1, IsHumanControllingUs: 0, StartBugReporterOnCrash: 0, Is64bit: 1, IsPro: 1

COMMAND LINE ARGUMENTS:
C:\Program Files\Unity\Hub\Editor\2021.3.0f1\Editor\Unity.exe
-adb2
-batchMode
-noUpm
-name
AssetImportWorker1
-projectPath
C:/Users/Mouaad/Desktop/Unity/Unity Starter
-logFile
Logs/AssetImportWorker1.log
-srvPort
1047
Successfully changed project path to: C:/Users/Mouaad/Desktop/Unity/Unity Starter
C:/Users/Mouaad/Desktop/Unity/Unity Starter
[UnityMemory] Configuration Parameters - Can be set up in boot.config
    "memorysetup-bucket-allocator-granularity=16"
    "memorysetup-bucket-allocator-bucket-count=8"
    "memorysetup-bucket-allocator-block-size=33554432"
    "memorysetup-bucket-allocator-block-count=8"
    "memorysetup-main-allocator-block-size=16777216"
    "memorysetup-thread-allocator-block-size=16777216"
    "memorysetup-gfx-main-allocator-block-size=16777216"
    "memorysetup-gfx-thread-allocator-block-size=16777216"
    "memorysetup-cache-allocator-block-size=4194304"
    "memorysetup-typetree-allocator-block-size=2097152"
    "memorysetup-profiler-bucket-allocator-granularity=16"
    "memorysetup-profiler-bucket-allocator-bucket-count=8"
    "memorysetup-profiler-bucket-allocator-block-size=33554432"
    "memorysetup-profiler-bucket-allocator-block-count=8"
    "memorysetup-profiler-allocator-block-size=16777216"
    "memorysetup-profiler-editor-allocator-block-size=1048576"
    "memorysetup-temp-allocator-size-main=16777216"
    "memorysetup-job-temp-allocator-block-size=2097152"
    "memorysetup-job-temp-allocator-block-size-background=1048576"
    "memorysetup-job-temp-allocator-reduction-small-platforms=262144"
    "memorysetup-temp-allocator-size-background-worker=32768"
    "memorysetup-temp-allocator-size-job-worker=262144"
    "memorysetup-temp-allocator-size-preload-manager=33554432"
    "memorysetup-temp-allocator-size-nav-mesh-worker=65536"
    "memorysetup-temp-allocator-size-audio-worker=65536"
    "memorysetup-temp-allocator-size-cloud-worker=32768"
    "memorysetup-temp-allocator-size-gi-baking-worker=262144"
    "memorysetup-temp-allocator-size-gfx=262144"
Refreshing native plugins compatible for Editor in 426.51 ms, found 3 plugins.
Preloading 0 native plugins for Editor in 0.00 ms.
Initialize engine version: 2021.3.0f1 (6eacc8284459)
[Subsystems] Discovering subsystems at path C:/Program Files/Unity/Hub/Editor/2021.3.0f1/Editor/Data/Resources/UnitySubsystems
[Subsystems] Discovering subsystems at path C:/Users/Mouaad/Desktop/Unity/Unity Starter/Assets
GfxDevice: creating device client; threaded=0; jobified=0
Direct3D:
    Version:  Direct3D 11.0 [level 11.1]
    Renderer: NVIDIA GeForce GTX 1060 (ID=0x1c20)
    Vendor:   NVIDIA
    VRAM:     6052 MB
    Driver:   27.21.14.5763
Initialize mono
Mono path[0] = 'C:/Program Files/Unity/Hub/Editor/2021.3.0f1/Editor/Data/Managed'
Mono path[1] = 'C:/Program Files/Unity/Hub/Editor/2021.3.0f1/Editor/Data/MonoBleedingEdge/lib/mono/unityjit-win32'
Mono config path = 'C:/Program Files/Unity/Hub/Editor/2021.3.0f1/Editor/Data/MonoBleedingEdge/etc'
Using monoOptions --debugger-agent=transport=dt_socket,embedding=1,server=y,suspend=n,address=127.0.0.1:56068
Begin MonoManager ReloadAssembly
Registering precompiled unity dll's ...
Register platform support module: C:/Program Files/Unity/Hub/Editor/2021.3.0f1/Editor/Data/PlaybackEngines/AndroidPlayer/UnityEditor.Android.Extensions.dll
Register platform support module: C:/Program Files/Unity/Hub/Editor/2021.3.0f1/Editor/Data/PlaybackEngines/WindowsStandaloneSupport/UnityEditor.WindowsStandalone.Extensions.dll
Registered in 0.016772 seconds.
Native extension for WindowsStandalone target not found
Native extension for Android target not found
Refreshing native plugins compatible for Editor in 182.66 ms, found 3 plugins.
Preloading 0 native plugins for Editor in 0.00 ms.
Mono: successfully reloaded assembly
- Completed reload, in  2.112 seconds
Domain Reload Profiling:
	ReloadAssembly (2113ms)
		BeginReloadAssembly (162ms)
			ExecutionOrderSort (0ms)
			DisableScriptedObjects (0ms)
			BackupInstance (0ms)
			ReleaseScriptingObjects (0ms)
			CreateAndSetChildDomain (2ms)
		EndReloadAssembly (1602ms)
			LoadAssemblies (161ms)
			RebuildTransferFunctionScriptingTraits (0ms)
			SetupTypeCache (589ms)
			ReleaseScriptCaches (0ms)
			RebuildScriptCaches (141ms)
			SetupLoadedEditorAssemblies (691ms)
				LogAssemblyErrors (0ms)
				InitializePlatformSupportModulesInManaged (118ms)
				SetLoadedEditorAssemblies (1ms)
				RefreshPlugins (183ms)
				BeforeProcessingInitializeOnLoad (2ms)
				ProcessInitializeOnLoadAttributes (211ms)
				ProcessInitializeOnLoadMethodAttributes (174ms)
				AfterProcessingInitializeOnLoad (0ms)
				EditorAssembliesLoaded (1ms)
			ExecutionOrderSort2 (0ms)
			AwakeInstancesAfterBackupRestoration (0ms)
Platform modules already initialized, skipping
Registering precompiled user dll's ...
Registered in 0.018617 seconds.
Begin MonoManager ReloadAssembly
Symbol file LoadedFromMemory doesn't match image C:\Users\Mouaad\Desktop\Unity\Unity Starter\Library\PackageCache\com.unity.visualscripting@1.7.7\Editor\VisualScripting.Core\Dependencies\YamlDotNet\Unity.VisualScripting.YamlDotNet.dll
Symbol file LoadedFromMemory is not a mono symbol file
Symbol file LoadedFromMemory doesn't match image C:\Users\Mouaad\Desktop\Unity\Unity Starter\Library\PackageCache\com.unity.visualscripting@1.7.7\Editor\VisualScripting.Core\Dependencies\DotNetZip\Unity.VisualScripting.IonicZip.dll
Native extension for WindowsStandalone target not found
Native extension for Android target not found
Refreshing native plugins compatible for Editor in 178.41 ms, found 3 plugins.
Preloading 0 native plugins for Editor in 0.00 ms.
Mono: successfully reloaded assembly
- Completed reload, in  2.842 seconds
Domain Reload Profiling:
	ReloadAssembly (2844ms)
		BeginReloadAssembly (385ms)
			ExecutionOrderSort (0ms)
			DisableScriptedObjects (22ms)
			BackupInstance (0ms)
			ReleaseScriptingObjects (0ms)
			CreateAndSetChildDomain (140ms)
		EndReloadAssembly (2249ms)
			LoadAssemblies (179ms)
			RebuildTransferFunctionScriptingTraits (0ms)
			SetupTypeCache (537ms)
			ReleaseScriptCaches (1ms)
			RebuildScriptCaches (111ms)
			SetupLoadedEditorAssemblies (1339ms)
				LogAssemblyErrors (0ms)
				InitializePlatformSupportModulesInManaged (19ms)
				SetLoadedEditorAssemblies (0ms)
				RefreshPlugins (179ms)
				BeforeProcessingInitializeOnLoad (264ms)
				ProcessInitializeOnLoadAttributes (634ms)
				ProcessInitializeOnLoadMethodAttributes (229ms)
				AfterProcessingInitializeOnLoad (13ms)
				EditorAssembliesLoaded (0ms)
			ExecutionOrderSort2 (0ms)
			AwakeInstancesAfterBackupRestoration (11ms)
Platform modules already initialized, skipping
========================================================================
Worker process is ready to serve import requests
Launched and connected shader compiler UnityShaderCompiler.exe after 0.12 seconds
Refreshing native plugins compatible for Editor in 2.55 ms, found 3 plugins.
Preloading 0 native plugins for Editor in 0.00 ms.
Unloading 5105 Unused Serialized files (Serialized files now loaded: 0)
Unloading 36 unused Assets / (0.7 MB). Loaded Objects now: 5563.
Memory consumption went from 200.2 MB to 199.5 MB.
Total: 21.130300 ms (FindLiveObjects: 0.945100 ms CreateObjectMapping: 1.059600 ms MarkObjects: 10.172500 ms  DeleteObjects: 8.950800 ms)

AssetImportParameters requested are different than current active one (requested -> active):
  custom:video-decoder-ogg-theora: a1e56fd34408186e4bbccfd4996cb3dc -> 
  custom:container-muxer-webm: aa71ff27fc2769a1b78a27578f13a17b -> 
  custom:container-demuxer-webm: 4f35f7cbe854078d1ac9338744f61a02 -> 
  custom:video-encoder-webm-vp8: eb34c28f22e8b96e1ab97ce403110664 -> 
  custom:audio-encoder-webm-vorbis: bf7c407c2cedff20999df2af8eb42d56 -> 
  custom:framework-win-MediaFoundation: 216162199b28c13a410421893ffa2e32 -> 
  custom:container-demuxer-ogg: 62fdf1f143b41e24485cea50d1cbac27 -> 
  custom:video-decoder-webm-vp8: 9c59270c3fd7afecdb556c50c9e8de78 -> 
  custom:audio-decoder-ogg-vorbis: bf7c407c2cedff20999df2af8eb42d56 -> 
========================================================================
Received Import Request.
  Time since last request: 63709.172753 seconds.
  path: Assets/Sprites/Win/Win 3.png
  artifactKey: Guid(16efede4a54fd434da48e32bf1a1bd94) Importer(-1,00000000000000000000000000000000)
Start importing Assets/Sprites/Win/Win 3.png using Guid(16efede4a54fd434da48e32bf1a1bd94) Importer(-1,00000000000000000000000000000000)  -> (artifact id: '6808661199c4369eb54a3812b75fc621') in 0.320011 seconds 
========================================================================
Received Import Request.
  Time since last request: 0.000092 seconds.
  path: Assets/Sprites/Buttons/button_green.png
  artifactKey: Guid(b13bf249fda351d419547b15d711b92b) Importer(-1,00000000000000000000000000000000)
Start importing Assets/Sprites/Buttons/button_green.png using Guid(b13bf249fda351d419547b15d711b92b) Importer(-1,00000000000000000000000000000000)  -> (artifact id: '89bebea912498f4426b16e02c41fcf75') in 0.033667 seconds 
========================================================================
Received Import Request.
  Time since last request: 0.000072 seconds.
  path: Assets/Sprites/Buttons/button_purple.png
  artifactKey: Guid(f130f07e7101a9349921b75ae302995e) Importer(-1,00000000000000000000000000000000)
Start importing Assets/Sprites/Buttons/button_purple.png using Guid(f130f07e7101a9349921b75ae302995e) Importer(-1,00000000000000000000000000000000)  -> (artifact id: 'cd0173cbbff2e6dad34ee875a0d8bcdf') in 0.027959 seconds 
========================================================================
Received Import Request.
  Time since last request: 0.000082 seconds.
  path: Assets/Sprites/Lose/Failed 2.png
  artifactKey: Guid(74d1adaa03a8016499a4d8e9e2e8b070) Importer(-1,00000000000000000000000000000000)
Start importing Assets/Sprites/Lose/Failed 2.png using Guid(74d1adaa03a8016499a4d8e9e2e8b070) Importer(-1,00000000000000000000000000000000)  -> (artifact id: '18f9714ed96544d388a49349e4747a58') in 0.092065 seconds 
========================================================================
Received Import Request.
  Time since last request: 0.000039 seconds.
  path: Assets/Sprites/Lose/Failed 4.png
  artifactKey: Guid(3edd1d5e18d84bc43b806c137d38102e) Importer(-1,00000000000000000000000000000000)
Start importing Assets/Sprites/Lose/Failed 4.png using Guid(3edd1d5e18d84bc43b806c137d38102e) Importer(-1,00000000000000000000000000000000)  -> (artifact id: '0a98c1260088ba0205490a59775eefa6') in 0.075714 seconds 
========================================================================
Received Import Request.
  Time since last request: 0.000050 seconds.
  path: Assets/Sprites/Buttons/button_red.png
  artifactKey: Guid(f7a9a3db2822af2408c05117f5e0b57e) Importer(-1,00000000000000000000000000000000)
Start importing Assets/Sprites/Buttons/button_red.png using Guid(f7a9a3db2822af2408c05117f5e0b57e) Importer(-1,00000000000000000000000000000000)  -> (artifact id: 'b33bacfc6ba1fc021a0cbff1ff338467') in 0.036312 seconds 
========================================================================
Received Import Request.
  Time since last request: 0.000051 seconds.
  path: Assets/Sprites/Buttons/button_blue.png
  artifactKey: Guid(94e35fd359f27724e850815bce7f08be) Importer(-1,00000000000000000000000000000000)
Start importing Assets/Sprites/Buttons/button_blue.png using Guid(94e35fd359f27724e850815bce7f08be) Importer(-1,00000000000000000000000000000000)  -> (artifact id: 'dc312dc8f4222a992cb725f25e783c70') in 0.033805 seconds 
========================================================================
Received Import Request.
  Time since last request: 0.000041 seconds.
  path: Assets/Sprites/Win/Win 2.png
  artifactKey: Guid(5d614dab3fb6c8d48943204a8ede8a9f) Importer(-1,00000000000000000000000000000000)
Start importing Assets/Sprites/Win/Win 2.png using Guid(5d614dab3fb6c8d48943204a8ede8a9f) Importer(-1,00000000000000000000000000000000)  -> (artifact id: '8e446772d02100565dce78a8692bc9e5') in 0.091668 seconds 
========================================================================
Received Import Request.
  Time since last request: 0.000034 seconds.
  path: Assets/Sprites/Win/Win 4.png
  artifactKey: Guid(84c619d9c98b10e4bb49156c783d12de) Importer(-1,00000000000000000000000000000000)
Start importing Assets/Sprites/Win/Win 4.png using Guid(84c619d9c98b10e4bb49156c783d12de) Importer(-1,00000000000000000000000000000000)  -> (artifact id: 'c4125ef3966995d9c9a91eef5e172e5e') in 0.096446 seconds 
========================================================================
Received Import Request.
  Time since last request: 0.000046 seconds.
  path: Assets/Sprites/Buttons/button_white.png
  artifactKey: Guid(96f1f1b4194fb584b952ca60675966b4) Importer(-1,00000000000000000000000000000000)
Start importing Assets/Sprites/Buttons/button_white.png using Guid(96f1f1b4194fb584b952ca60675966b4) Importer(-1,00000000000000000000000000000000)  -> (artifact id: '2fa6805289a70491edd475752ba8ae42') in 0.032625 seconds 
========================================================================
Received Import Request.
  Time since last request: 0.000070 seconds.
  path: Assets/Sprites/Buttons/button_gray.png
  artifactKey: Guid(b4658f80eb3734b4ab2a58c6591dba2c) Importer(-1,00000000000000000000000000000000)
Start importing Assets/Sprites/Buttons/button_gray.png using Guid(b4658f80eb3734b4ab2a58c6591dba2c) Importer(-1,00000000000000000000000000000000)  -> (artifact id: '6f61857c1f6a886e4fad531ac8ce19e8') in 0.028346 seconds 
========================================================================
Received Import Request.
  Time since last request: 0.000044 seconds.
  path: Assets/Sprites/Buttons/Radius Button.png
  artifactKey: Guid(1c4e57a7da247024ca30a559ee252b8d) Importer(-1,00000000000000000000000000000000)
Start importing Assets/Sprites/Buttons/Radius Button.png using Guid(1c4e57a7da247024ca30a559ee252b8d) Importer(-1,00000000000000000000000000000000)  -> (artifact id: 'b1ce06e567fe51ca799da918f88bc816') in 0.061673 seconds 
========================================================================
Received Import Request.
  Time since last request: 0.000055 seconds.
  path: Assets/Sprites/Buttons/button_sky.png
  artifactKey: Guid(1aae8a70aea6abf46a5aa7830d08ea8f) Importer(-1,00000000000000000000000000000000)
Start importing Assets/Sprites/Buttons/button_sky.png using Guid(1aae8a70aea6abf46a5aa7830d08ea8f) Importer(-1,00000000000000000000000000000000)  -> (artifact id: 'b3bd1bb1a9fbb0001972a2adf2c43319') in 0.028391 seconds 
========================================================================
Received Import Request.
  Time since last request: 0.000089 seconds.
  path: Assets/Sprites/Buttons/button_dark.png
  artifactKey: Guid(3109c27e69ba6e449b3923fe8db157c6) Importer(-1,00000000000000000000000000000000)
Start importing Assets/Sprites/Buttons/button_dark.png using Guid(3109c27e69ba6e449b3923fe8db157c6) Importer(-1,00000000000000000000000000000000)  -> (artifact id: '44ab7aeff2f406137c4a0bb545215466') in 0.028971 seconds 
========================================================================
Received Import Request.
  Time since last request: 0.000057 seconds.
  path: Assets/Sprites/Buttons/button_yellow.png
  artifactKey: Guid(7115071da44322e4dad1603307edc3d1) Importer(-1,00000000000000000000000000000000)
Start importing Assets/Sprites/Buttons/button_yellow.png using Guid(7115071da44322e4dad1603307edc3d1) Importer(-1,00000000000000000000000000000000)  -> (artifact id: 'd8bc470241152c30c5995f4637a0cb2d') in 0.028108 seconds 
========================================================================
Received Import Request.
  Time since last request: 0.000060 seconds.
  path: Assets/Fonts/LilitaOne-Regular Outline_Extended ASCII_120 SDF Atlas.png
  artifactKey: Guid(f2c790a55f5074ff7aa3b33040acfadd) Importer(-1,00000000000000000000000000000000)
Start importing Assets/Fonts/LilitaOne-Regular Outline_Extended ASCII_120 SDF Atlas.png using Guid(f2c790a55f5074ff7aa3b33040acfadd) Importer(-1,00000000000000000000000000000000)  -> (artifact id: 'f5f2543a8b001870cbfc05a326f9e18f') in 5.646398 seconds 
========================================================================
Received Import Request.
  Time since last request: 0.000064 seconds.
  path: Assets/Sprites/Lose/Failed 3.png
  artifactKey: Guid(c50e27b18cd1db248be88879429261f7) Importer(-1,00000000000000000000000000000000)
Start importing Assets/Sprites/Lose/Failed 3.png using Guid(c50e27b18cd1db248be88879429261f7) Importer(-1,00000000000000000000000000000000)  -> (artifact id: 'f6d41b070a11f514caab5029218f32ec') in 0.125232 seconds 
Editor requested this worker to shutdown with reason: Scaling down because of idle timeout
AssetImportWorker is now disconnected from the server
Process exiting
Exiting without the bug reporter. Application will terminate with return code 0